INFO:root:
Selector: High Level Ordering of Strategies
| Sequence: Gambit
| | Check: is_attacking
| | Action: attack_or_defend
| Sequence: Spread Strategy
| | Check: if_neutral_planet_available
| | Action: spread_to_weakest_neutral_planet
| Sequence: War
| | Check: have_largest_fleet
| | Action: attack_weakest_enemy_planet

DEBUG:root:Executing:Selector: High Level Ordering of Strategies
DEBUG:root:Executing:Sequence: Gambit
DEBUG:root:Executing:Check: is_attacking
DEBUG:root:Result: Check: is_attacking -> Failure
DEBUG:root:Result: Sequence: Gambit -> Failure
DEBUG:root:Executing:Sequence: Spread Strategy
DEBUG:root:Executing:Check: if_neutral_planet_available
DEBUG:root:Result: Check: if_neutral_planet_available -> Success
DEBUG:root:Executing:Action: spread_to_weakest_neutral_planet
DEBUG:root:Result: Action: spread_to_weakest_neutral_planet -> Failure
DEBUG:root:Result: Sequence: Spread Strategy -> Failure
DEBUG:root:Executing:Sequence: War
DEBUG:root:Executing:Check: have_largest_fleet
DEBUG:root:Result: Check: have_largest_fleet -> Failure
DEBUG:root:Result: Sequence: War -> Failure
DEBUG:root:Result: Selector: High Level Ordering of Strategies -> Failure
DEBUG:root:Finish turn

DEBUG:root:Executing:Selector: High Level Ordering of Strategies
DEBUG:root:Executing:Sequence: Gambit
DEBUG:root:Executing:Check: is_attacking
DEBUG:root:Result: Check: is_attacking -> Failure
DEBUG:root:Result: Sequence: Gambit -> Failure
DEBUG:root:Executing:Sequence: Spread Strategy
DEBUG:root:Executing:Check: if_neutral_planet_available
DEBUG:root:Result: Check: if_neutral_planet_available -> Success
DEBUG:root:Executing:Action: spread_to_weakest_neutral_planet
DEBUG:root:Order:1 17 5.0
DEBUG:root:Result: Action: spread_to_weakest_neutral_planet -> Success
DEBUG:root:Result: Sequence: Spread Strategy -> Success
DEBUG:root:Result: Selector: High Level Ordering of Strategies -> Success
DEBUG:root:Finish turn

DEBUG:root:Executing:Selector: High Level Ordering of Strategies
DEBUG:root:Executing:Sequence: Gambit
DEBUG:root:Executing:Check: is_attacking
DEBUG:root:Result: Check: is_attacking -> Failure
DEBUG:root:Result: Sequence: Gambit -> Failure
DEBUG:root:Executing:Sequence: Spread Strategy
DEBUG:root:Executing:Check: if_neutral_planet_available
DEBUG:root:Result: Check: if_neutral_planet_available -> Success
DEBUG:root:Executing:Action: spread_to_weakest_neutral_planet
DEBUG:root:Order:1 17 5.0
DEBUG:root:Result: Action: spread_to_weakest_neutral_planet -> Success
DEBUG:root:Result: Sequence: Spread Strategy -> Success
DEBUG:root:Result: Selector: High Level Ordering of Strategies -> Success
DEBUG:root:Finish turn

DEBUG:root:Executing:Selector: High Level Ordering of Strategies
DEBUG:root:Executing:Sequence: Gambit
DEBUG:root:Executing:Check: is_attacking
DEBUG:root:Result: Check: is_attacking -> Failure
DEBUG:root:Result: Sequence: Gambit -> Failure
DEBUG:root:Executing:Sequence: Spread Strategy
DEBUG:root:Executing:Check: if_neutral_planet_available
DEBUG:root:Result: Check: if_neutral_planet_available -> Success
DEBUG:root:Executing:Action: spread_to_weakest_neutral_planet
DEBUG:root:Order:1 17 5.0
DEBUG:root:Result: Action: spread_to_weakest_neutral_planet -> Success
DEBUG:root:Result: Sequence: Spread Strategy -> Success
DEBUG:root:Result: Selector: High Level Ordering of Strategies -> Success
DEBUG:root:Finish turn

DEBUG:root:Executing:Selector: High Level Ordering of Strategies
DEBUG:root:Executing:Sequence: Gambit
DEBUG:root:Executing:Check: is_attacking
DEBUG:root:Result: Check: is_attacking -> Failure
DEBUG:root:Result: Sequence: Gambit -> Failure
DEBUG:root:Executing:Sequence: Spread Strategy
DEBUG:root:Executing:Check: if_neutral_planet_available
DEBUG:root:Result: Check: if_neutral_planet_available -> Success
DEBUG:root:Executing:Action: spread_to_weakest_neutral_planet
DEBUG:root:Result: Action: spread_to_weakest_neutral_planet -> Failure
DEBUG:root:Result: Sequence: Spread Strategy -> Failure
DEBUG:root:Executing:Sequence: War
DEBUG:root:Executing:Check: have_largest_fleet
DEBUG:root:Result: Check: have_largest_fleet -> Failure
DEBUG:root:Result: Sequence: War -> Failure
DEBUG:root:Result: Selector: High Level Ordering of Strategies -> Failure
DEBUG:root:Finish turn

DEBUG:root:Executing:Selector: High Level Ordering of Strategies
DEBUG:root:Executing:Sequence: Gambit
DEBUG:root:Executing:Check: is_attacking
DEBUG:root:Result: Check: is_attacking -> Failure
DEBUG:root:Result: Sequence: Gambit -> Failure
DEBUG:root:Executing:Sequence: Spread Strategy
DEBUG:root:Executing:Check: if_neutral_planet_available
DEBUG:root:Result: Check: if_neutral_planet_available -> Success
DEBUG:root:Executing:Action: spread_to_weakest_neutral_planet
DEBUG:root:Result: Action: spread_to_weakest_neutral_planet -> Failure
DEBUG:root:Result: Sequence: Spread Strategy -> Failure
DEBUG:root:Executing:Sequence: War
DEBUG:root:Executing:Check: have_largest_fleet
DEBUG:root:Result: Check: have_largest_fleet -> Failure
DEBUG:root:Result: Sequence: War -> Failure
DEBUG:root:Result: Selector: High Level Ordering of Strategies -> Failure
DEBUG:root:Finish turn

DEBUG:root:Executing:Selector: High Level Ordering of Strategies
DEBUG:root:Executing:Sequence: Gambit
DEBUG:root:Executing:Check: is_attacking
DEBUG:root:Result: Check: is_attacking -> Failure
DEBUG:root:Result: Sequence: Gambit -> Failure
DEBUG:root:Executing:Sequence: Spread Strategy
DEBUG:root:Executing:Check: if_neutral_planet_available
DEBUG:root:Result: Check: if_neutral_planet_available -> Success
DEBUG:root:Executing:Action: spread_to_weakest_neutral_planet
DEBUG:root:Result: Action: spread_to_weakest_neutral_planet -> Failure
DEBUG:root:Result: Sequence: Spread Strategy -> Failure
DEBUG:root:Executing:Sequence: War
DEBUG:root:Executing:Check: have_largest_fleet
DEBUG:root:Result: Check: have_largest_fleet -> Success
DEBUG:root:Executing:Action: attack_weakest_enemy_planet
DEBUG:root:Result: Action: attack_weakest_enemy_planet -> Failure
DEBUG:root:Result: Sequence: War -> Failure
DEBUG:root:Result: Selector: High Level Ordering of Strategies -> Failure
DEBUG:root:Finish turn

DEBUG:root:Executing:Selector: High Level Ordering of Strategies
DEBUG:root:Executing:Sequence: Gambit
DEBUG:root:Executing:Check: is_attacking
DEBUG:root:Result: Check: is_attacking -> Failure
DEBUG:root:Result: Sequence: Gambit -> Failure
DEBUG:root:Executing:Sequence: Spread Strategy
DEBUG:root:Executing:Check: if_neutral_planet_available
DEBUG:root:Result: Check: if_neutral_planet_available -> Success
DEBUG:root:Executing:Action: spread_to_weakest_neutral_planet
DEBUG:root:Result: Action: spread_to_weakest_neutral_planet -> Failure
DEBUG:root:Result: Sequence: Spread Strategy -> Failure
DEBUG:root:Executing:Sequence: War
DEBUG:root:Executing:Check: have_largest_fleet
DEBUG:root:Result: Check: have_largest_fleet -> Success
DEBUG:root:Executing:Action: attack_weakest_enemy_planet
DEBUG:root:Result: Action: attack_weakest_enemy_planet -> Failure
DEBUG:root:Result: Sequence: War -> Failure
DEBUG:root:Result: Selector: High Level Ordering of Strategies -> Failure
DEBUG:root:Finish turn

DEBUG:root:Executing:Selector: High Level Ordering of Strategies
DEBUG:root:Executing:Sequence: Gambit
DEBUG:root:Executing:Check: is_attacking
DEBUG:root:Result: Check: is_attacking -> Failure
DEBUG:root:Result: Sequence: Gambit -> Failure
DEBUG:root:Executing:Sequence: Spread Strategy
DEBUG:root:Executing:Check: if_neutral_planet_available
DEBUG:root:Result: Check: if_neutral_planet_available -> Success
DEBUG:root:Executing:Action: spread_to_weakest_neutral_planet
DEBUG:root:Result: Action: spread_to_weakest_neutral_planet -> Failure
DEBUG:root:Result: Sequence: Spread Strategy -> Failure
DEBUG:root:Executing:Sequence: War
DEBUG:root:Executing:Check: have_largest_fleet
DEBUG:root:Result: Check: have_largest_fleet -> Success
DEBUG:root:Executing:Action: attack_weakest_enemy_planet
DEBUG:root:Result: Action: attack_weakest_enemy_planet -> Failure
DEBUG:root:Result: Sequence: War -> Failure
DEBUG:root:Result: Selector: High Level Ordering of Strategies -> Failure
DEBUG:root:Finish turn

DEBUG:root:Executing:Selector: High Level Ordering of Strategies
DEBUG:root:Executing:Sequence: Gambit
DEBUG:root:Executing:Check: is_attacking
DEBUG:root:Result: Check: is_attacking -> Failure
DEBUG:root:Result: Sequence: Gambit -> Failure
DEBUG:root:Executing:Sequence: Spread Strategy
DEBUG:root:Executing:Check: if_neutral_planet_available
DEBUG:root:Result: Check: if_neutral_planet_available -> Success
DEBUG:root:Executing:Action: spread_to_weakest_neutral_planet
DEBUG:root:Result: Action: spread_to_weakest_neutral_planet -> Failure
DEBUG:root:Result: Sequence: Spread Strategy -> Failure
DEBUG:root:Executing:Sequence: War
DEBUG:root:Executing:Check: have_largest_fleet
DEBUG:root:Result: Check: have_largest_fleet -> Success
DEBUG:root:Executing:Action: attack_weakest_enemy_planet
DEBUG:root:Result: Action: attack_weakest_enemy_planet -> Failure
DEBUG:root:Result: Sequence: War -> Failure
DEBUG:root:Result: Selector: High Level Ordering of Strategies -> Failure
DEBUG:root:Finish turn

DEBUG:root:Executing:Selector: High Level Ordering of Strategies
DEBUG:root:Executing:Sequence: Gambit
DEBUG:root:Executing:Check: is_attacking
DEBUG:root:Result: Check: is_attacking -> Failure
DEBUG:root:Result: Sequence: Gambit -> Failure
DEBUG:root:Executing:Sequence: Spread Strategy
DEBUG:root:Executing:Check: if_neutral_planet_available
DEBUG:root:Result: Check: if_neutral_planet_available -> Success
DEBUG:root:Executing:Action: spread_to_weakest_neutral_planet
DEBUG:root:Result: Action: spread_to_weakest_neutral_planet -> Failure
DEBUG:root:Result: Sequence: Spread Strategy -> Failure
DEBUG:root:Executing:Sequence: War
DEBUG:root:Executing:Check: have_largest_fleet
DEBUG:root:Result: Check: have_largest_fleet -> Success
DEBUG:root:Executing:Action: attack_weakest_enemy_planet
DEBUG:root:Result: Action: attack_weakest_enemy_planet -> Failure
DEBUG:root:Result: Sequence: War -> Failure
DEBUG:root:Result: Selector: High Level Ordering of Strategies -> Failure
DEBUG:root:Finish turn

DEBUG:root:Executing:Selector: High Level Ordering of Strategies
DEBUG:root:Executing:Sequence: Gambit
DEBUG:root:Executing:Check: is_attacking
DEBUG:root:Result: Check: is_attacking -> Failure
DEBUG:root:Result: Sequence: Gambit -> Failure
DEBUG:root:Executing:Sequence: Spread Strategy
DEBUG:root:Executing:Check: if_neutral_planet_available
DEBUG:root:Result: Check: if_neutral_planet_available -> Success
DEBUG:root:Executing:Action: spread_to_weakest_neutral_planet
DEBUG:root:Result: Action: spread_to_weakest_neutral_planet -> Failure
DEBUG:root:Result: Sequence: Spread Strategy -> Failure
DEBUG:root:Executing:Sequence: War
DEBUG:root:Executing:Check: have_largest_fleet
DEBUG:root:Result: Check: have_largest_fleet -> Success
DEBUG:root:Executing:Action: attack_weakest_enemy_planet
DEBUG:root:Result: Action: attack_weakest_enemy_planet -> Failure
DEBUG:root:Result: Sequence: War -> Failure
DEBUG:root:Result: Selector: High Level Ordering of Strategies -> Failure
DEBUG:root:Finish turn

DEBUG:root:Executing:Selector: High Level Ordering of Strategies
DEBUG:root:Executing:Sequence: Gambit
DEBUG:root:Executing:Check: is_attacking
DEBUG:root:Result: Check: is_attacking -> Failure
DEBUG:root:Result: Sequence: Gambit -> Failure
DEBUG:root:Executing:Sequence: Spread Strategy
DEBUG:root:Executing:Check: if_neutral_planet_available
DEBUG:root:Result: Check: if_neutral_planet_available -> Success
DEBUG:root:Executing:Action: spread_to_weakest_neutral_planet
DEBUG:root:Result: Action: spread_to_weakest_neutral_planet -> Failure
DEBUG:root:Result: Sequence: Spread Strategy -> Failure
DEBUG:root:Executing:Sequence: War
DEBUG:root:Executing:Check: have_largest_fleet
DEBUG:root:Result: Check: have_largest_fleet -> Success
DEBUG:root:Executing:Action: attack_weakest_enemy_planet
DEBUG:root:Result: Action: attack_weakest_enemy_planet -> Failure
DEBUG:root:Result: Sequence: War -> Failure
DEBUG:root:Result: Selector: High Level Ordering of Strategies -> Failure
DEBUG:root:Finish turn

DEBUG:root:Executing:Selector: High Level Ordering of Strategies
DEBUG:root:Executing:Sequence: Gambit
DEBUG:root:Executing:Check: is_attacking
DEBUG:root:Result: Check: is_attacking -> Failure
DEBUG:root:Result: Sequence: Gambit -> Failure
DEBUG:root:Executing:Sequence: Spread Strategy
DEBUG:root:Executing:Check: if_neutral_planet_available
DEBUG:root:Result: Check: if_neutral_planet_available -> Success
DEBUG:root:Executing:Action: spread_to_weakest_neutral_planet
DEBUG:root:Result: Action: spread_to_weakest_neutral_planet -> Failure
DEBUG:root:Result: Sequence: Spread Strategy -> Failure
DEBUG:root:Executing:Sequence: War
DEBUG:root:Executing:Check: have_largest_fleet
DEBUG:root:Result: Check: have_largest_fleet -> Success
DEBUG:root:Executing:Action: attack_weakest_enemy_planet
DEBUG:root:Result: Action: attack_weakest_enemy_planet -> Failure
DEBUG:root:Result: Sequence: War -> Failure
DEBUG:root:Result: Selector: High Level Ordering of Strategies -> Failure
DEBUG:root:Finish turn

DEBUG:root:Executing:Selector: High Level Ordering of Strategies
DEBUG:root:Executing:Sequence: Gambit
DEBUG:root:Executing:Check: is_attacking
DEBUG:root:Result: Check: is_attacking -> Failure
DEBUG:root:Result: Sequence: Gambit -> Failure
DEBUG:root:Executing:Sequence: Spread Strategy
DEBUG:root:Executing:Check: if_neutral_planet_available
DEBUG:root:Result: Check: if_neutral_planet_available -> Success
DEBUG:root:Executing:Action: spread_to_weakest_neutral_planet
DEBUG:root:Result: Action: spread_to_weakest_neutral_planet -> Failure
DEBUG:root:Result: Sequence: Spread Strategy -> Failure
DEBUG:root:Executing:Sequence: War
DEBUG:root:Executing:Check: have_largest_fleet
DEBUG:root:Result: Check: have_largest_fleet -> Success
DEBUG:root:Executing:Action: attack_weakest_enemy_planet
DEBUG:root:Result: Action: attack_weakest_enemy_planet -> Failure
DEBUG:root:Result: Sequence: War -> Failure
DEBUG:root:Result: Selector: High Level Ordering of Strategies -> Failure
DEBUG:root:Finish turn

DEBUG:root:Executing:Selector: High Level Ordering of Strategies
DEBUG:root:Executing:Sequence: Gambit
DEBUG:root:Executing:Check: is_attacking
DEBUG:root:Result: Check: is_attacking -> Failure
DEBUG:root:Result: Sequence: Gambit -> Failure
DEBUG:root:Executing:Sequence: Spread Strategy
DEBUG:root:Executing:Check: if_neutral_planet_available
DEBUG:root:Result: Check: if_neutral_planet_available -> Success
DEBUG:root:Executing:Action: spread_to_weakest_neutral_planet
DEBUG:root:Result: Action: spread_to_weakest_neutral_planet -> Failure
DEBUG:root:Result: Sequence: Spread Strategy -> Failure
DEBUG:root:Executing:Sequence: War
DEBUG:root:Executing:Check: have_largest_fleet
DEBUG:root:Result: Check: have_largest_fleet -> Success
DEBUG:root:Executing:Action: attack_weakest_enemy_planet
DEBUG:root:Result: Action: attack_weakest_enemy_planet -> Failure
DEBUG:root:Result: Sequence: War -> Failure
DEBUG:root:Result: Selector: High Level Ordering of Strategies -> Failure
DEBUG:root:Finish turn

DEBUG:root:Executing:Selector: High Level Ordering of Strategies
DEBUG:root:Executing:Sequence: Gambit
DEBUG:root:Executing:Check: is_attacking
DEBUG:root:Result: Check: is_attacking -> Failure
DEBUG:root:Result: Sequence: Gambit -> Failure
DEBUG:root:Executing:Sequence: Spread Strategy
DEBUG:root:Executing:Check: if_neutral_planet_available
DEBUG:root:Result: Check: if_neutral_planet_available -> Success
DEBUG:root:Executing:Action: spread_to_weakest_neutral_planet
DEBUG:root:Result: Action: spread_to_weakest_neutral_planet -> Failure
DEBUG:root:Result: Sequence: Spread Strategy -> Failure
DEBUG:root:Executing:Sequence: War
DEBUG:root:Executing:Check: have_largest_fleet
DEBUG:root:Result: Check: have_largest_fleet -> Success
DEBUG:root:Executing:Action: attack_weakest_enemy_planet
DEBUG:root:Result: Action: attack_weakest_enemy_planet -> Failure
DEBUG:root:Result: Sequence: War -> Failure
DEBUG:root:Result: Selector: High Level Ordering of Strategies -> Failure
DEBUG:root:Finish turn

DEBUG:root:Executing:Selector: High Level Ordering of Strategies
DEBUG:root:Executing:Sequence: Gambit
DEBUG:root:Executing:Check: is_attacking
DEBUG:root:Result: Check: is_attacking -> Failure
DEBUG:root:Result: Sequence: Gambit -> Failure
DEBUG:root:Executing:Sequence: Spread Strategy
DEBUG:root:Executing:Check: if_neutral_planet_available
DEBUG:root:Result: Check: if_neutral_planet_available -> Success
DEBUG:root:Executing:Action: spread_to_weakest_neutral_planet
DEBUG:root:Result: Action: spread_to_weakest_neutral_planet -> Failure
DEBUG:root:Result: Sequence: Spread Strategy -> Failure
DEBUG:root:Executing:Sequence: War
DEBUG:root:Executing:Check: have_largest_fleet
DEBUG:root:Result: Check: have_largest_fleet -> Success
DEBUG:root:Executing:Action: attack_weakest_enemy_planet
DEBUG:root:Result: Action: attack_weakest_enemy_planet -> Failure
DEBUG:root:Result: Sequence: War -> Failure
DEBUG:root:Result: Selector: High Level Ordering of Strategies -> Failure
DEBUG:root:Finish turn

DEBUG:root:Executing:Selector: High Level Ordering of Strategies
DEBUG:root:Executing:Sequence: Gambit
DEBUG:root:Executing:Check: is_attacking
DEBUG:root:Result: Check: is_attacking -> Failure
DEBUG:root:Result: Sequence: Gambit -> Failure
DEBUG:root:Executing:Sequence: Spread Strategy
DEBUG:root:Executing:Check: if_neutral_planet_available
DEBUG:root:Result: Check: if_neutral_planet_available -> Success
DEBUG:root:Executing:Action: spread_to_weakest_neutral_planet
DEBUG:root:Order:1 18 15.0
DEBUG:root:Result: Action: spread_to_weakest_neutral_planet -> Success
DEBUG:root:Result: Sequence: Spread Strategy -> Success
DEBUG:root:Result: Selector: High Level Ordering of Strategies -> Success
DEBUG:root:Finish turn

DEBUG:root:Executing:Selector: High Level Ordering of Strategies
DEBUG:root:Executing:Sequence: Gambit
DEBUG:root:Executing:Check: is_attacking
DEBUG:root:Result: Check: is_attacking -> Failure
DEBUG:root:Result: Sequence: Gambit -> Failure
DEBUG:root:Executing:Sequence: Spread Strategy
DEBUG:root:Executing:Check: if_neutral_planet_available
DEBUG:root:Result: Check: if_neutral_planet_available -> Success
DEBUG:root:Executing:Action: spread_to_weakest_neutral_planet
DEBUG:root:Order:1 18 15.0
DEBUG:root:Result: Action: spread_to_weakest_neutral_planet -> Success
DEBUG:root:Result: Sequence: Spread Strategy -> Success
DEBUG:root:Result: Selector: High Level Ordering of Strategies -> Success
DEBUG:root:Finish turn

DEBUG:root:Executing:Selector: High Level Ordering of Strategies
DEBUG:root:Executing:Sequence: Gambit
DEBUG:root:Executing:Check: is_attacking
DEBUG:root:Result: Check: is_attacking -> Failure
DEBUG:root:Result: Sequence: Gambit -> Failure
DEBUG:root:Executing:Sequence: Spread Strategy
DEBUG:root:Executing:Check: if_neutral_planet_available
DEBUG:root:Result: Check: if_neutral_planet_available -> Success
DEBUG:root:Executing:Action: spread_to_weakest_neutral_planet
DEBUG:root:Order:1 6 12.0
DEBUG:root:Result: Action: spread_to_weakest_neutral_planet -> Success
DEBUG:root:Result: Sequence: Spread Strategy -> Success
DEBUG:root:Result: Selector: High Level Ordering of Strategies -> Success
DEBUG:root:Finish turn

DEBUG:root:Executing:Selector: High Level Ordering of Strategies
DEBUG:root:Executing:Sequence: Gambit
DEBUG:root:Executing:Check: is_attacking
DEBUG:root:Result: Check: is_attacking -> Failure
DEBUG:root:Result: Sequence: Gambit -> Failure
DEBUG:root:Executing:Sequence: Spread Strategy
DEBUG:root:Executing:Check: if_neutral_planet_available
DEBUG:root:Result: Check: if_neutral_planet_available -> Success
DEBUG:root:Executing:Action: spread_to_weakest_neutral_planet
DEBUG:root:Result: Action: spread_to_weakest_neutral_planet -> Failure
DEBUG:root:Result: Sequence: Spread Strategy -> Failure
DEBUG:root:Executing:Sequence: War
DEBUG:root:Executing:Check: have_largest_fleet
DEBUG:root:Result: Check: have_largest_fleet -> Success
DEBUG:root:Executing:Action: attack_weakest_enemy_planet
DEBUG:root:Result: Action: attack_weakest_enemy_planet -> Failure
DEBUG:root:Result: Sequence: War -> Failure
DEBUG:root:Result: Selector: High Level Ordering of Strategies -> Failure
DEBUG:root:Finish turn

DEBUG:root:Executing:Selector: High Level Ordering of Strategies
DEBUG:root:Executing:Sequence: Gambit
DEBUG:root:Executing:Check: is_attacking
DEBUG:root:Result: Check: is_attacking -> Failure
DEBUG:root:Result: Sequence: Gambit -> Failure
DEBUG:root:Executing:Sequence: Spread Strategy
DEBUG:root:Executing:Check: if_neutral_planet_available
DEBUG:root:Result: Check: if_neutral_planet_available -> Success
DEBUG:root:Executing:Action: spread_to_weakest_neutral_planet
DEBUG:root:Result: Action: spread_to_weakest_neutral_planet -> Failure
DEBUG:root:Result: Sequence: Spread Strategy -> Failure
DEBUG:root:Executing:Sequence: War
DEBUG:root:Executing:Check: have_largest_fleet
DEBUG:root:Result: Check: have_largest_fleet -> Success
DEBUG:root:Executing:Action: attack_weakest_enemy_planet
DEBUG:root:Result: Action: attack_weakest_enemy_planet -> Failure
DEBUG:root:Result: Sequence: War -> Failure
DEBUG:root:Result: Selector: High Level Ordering of Strategies -> Failure
DEBUG:root:Finish turn

DEBUG:root:Executing:Selector: High Level Ordering of Strategies
DEBUG:root:Executing:Sequence: Gambit
DEBUG:root:Executing:Check: is_attacking
DEBUG:root:Result: Check: is_attacking -> Failure
DEBUG:root:Result: Sequence: Gambit -> Failure
DEBUG:root:Executing:Sequence: Spread Strategy
DEBUG:root:Executing:Check: if_neutral_planet_available
DEBUG:root:Result: Check: if_neutral_planet_available -> Success
DEBUG:root:Executing:Action: spread_to_weakest_neutral_planet
DEBUG:root:Result: Action: spread_to_weakest_neutral_planet -> Failure
DEBUG:root:Result: Sequence: Spread Strategy -> Failure
DEBUG:root:Executing:Sequence: War
DEBUG:root:Executing:Check: have_largest_fleet
DEBUG:root:Result: Check: have_largest_fleet -> Success
DEBUG:root:Executing:Action: attack_weakest_enemy_planet
DEBUG:root:Result: Action: attack_weakest_enemy_planet -> Failure
DEBUG:root:Result: Sequence: War -> Failure
DEBUG:root:Result: Selector: High Level Ordering of Strategies -> Failure
DEBUG:root:Finish turn

DEBUG:root:Executing:Selector: High Level Ordering of Strategies
DEBUG:root:Executing:Sequence: Gambit
DEBUG:root:Executing:Check: is_attacking
DEBUG:root:Result: Check: is_attacking -> Failure
DEBUG:root:Result: Sequence: Gambit -> Failure
DEBUG:root:Executing:Sequence: Spread Strategy
DEBUG:root:Executing:Check: if_neutral_planet_available
DEBUG:root:Result: Check: if_neutral_planet_available -> Success
DEBUG:root:Executing:Action: spread_to_weakest_neutral_planet
DEBUG:root:Result: Action: spread_to_weakest_neutral_planet -> Failure
DEBUG:root:Result: Sequence: Spread Strategy -> Failure
DEBUG:root:Executing:Sequence: War
DEBUG:root:Executing:Check: have_largest_fleet
DEBUG:root:Result: Check: have_largest_fleet -> Success
DEBUG:root:Executing:Action: attack_weakest_enemy_planet
DEBUG:root:Result: Action: attack_weakest_enemy_planet -> Failure
DEBUG:root:Result: Sequence: War -> Failure
DEBUG:root:Result: Selector: High Level Ordering of Strategies -> Failure
DEBUG:root:Finish turn

DEBUG:root:Executing:Selector: High Level Ordering of Strategies
DEBUG:root:Executing:Sequence: Gambit
DEBUG:root:Executing:Check: is_attacking
DEBUG:root:Result: Check: is_attacking -> Failure
DEBUG:root:Result: Sequence: Gambit -> Failure
DEBUG:root:Executing:Sequence: Spread Strategy
DEBUG:root:Executing:Check: if_neutral_planet_available
DEBUG:root:Result: Check: if_neutral_planet_available -> Success
DEBUG:root:Executing:Action: spread_to_weakest_neutral_planet
DEBUG:root:Order:1 6 12.0
DEBUG:root:Result: Action: spread_to_weakest_neutral_planet -> Success
DEBUG:root:Result: Sequence: Spread Strategy -> Success
DEBUG:root:Result: Selector: High Level Ordering of Strategies -> Success
DEBUG:root:Finish turn

DEBUG:root:Executing:Selector: High Level Ordering of Strategies
DEBUG:root:Executing:Sequence: Gambit
DEBUG:root:Executing:Check: is_attacking
DEBUG:root:Result: Check: is_attacking -> Success
DEBUG:root:Executing:Action: attack_or_defend
DEBUG:root:Order:1 18 24
DEBUG:root:Result: Action: attack_or_defend -> Success
DEBUG:root:Result: Sequence: Gambit -> Success
DEBUG:root:Result: Selector: High Level Ordering of Strategies -> Success
DEBUG:root:Finish turn

DEBUG:root:Executing:Selector: High Level Ordering of Strategies
DEBUG:root:Executing:Sequence: Gambit
DEBUG:root:Executing:Check: is_attacking
DEBUG:root:Result: Check: is_attacking -> Success
DEBUG:root:Executing:Action: attack_or_defend
DEBUG:root:Order:1 0 44.0
DEBUG:root:Result: Action: attack_or_defend -> Success
DEBUG:root:Result: Sequence: Gambit -> Success
DEBUG:root:Result: Selector: High Level Ordering of Strategies -> Success
DEBUG:root:Finish turn

DEBUG:root:Executing:Selector: High Level Ordering of Strategies
DEBUG:root:Executing:Sequence: Gambit
DEBUG:root:Executing:Check: is_attacking
DEBUG:root:Result: Check: is_attacking -> Success
DEBUG:root:Executing:Action: attack_or_defend
DEBUG:root:Order:1 0 47.0
DEBUG:root:Result: Action: attack_or_defend -> Success
DEBUG:root:Result: Sequence: Gambit -> Success
DEBUG:root:Result: Selector: High Level Ordering of Strategies -> Success
DEBUG:root:Finish turn

DEBUG:root:Executing:Selector: High Level Ordering of Strategies
DEBUG:root:Executing:Sequence: Gambit
DEBUG:root:Executing:Check: is_attacking
DEBUG:root:Result: Check: is_attacking -> Success
DEBUG:root:Executing:Action: attack_or_defend
DEBUG:root:Order:1 0 50.0
DEBUG:root:Result: Action: attack_or_defend -> Success
DEBUG:root:Result: Sequence: Gambit -> Success
DEBUG:root:Result: Selector: High Level Ordering of Strategies -> Success
DEBUG:root:Finish turn

DEBUG:root:Executing:Selector: High Level Ordering of Strategies
DEBUG:root:Executing:Sequence: Gambit
DEBUG:root:Executing:Check: is_attacking
DEBUG:root:Result: Check: is_attacking -> Success
DEBUG:root:Executing:Action: attack_or_defend
DEBUG:root:Order:18 5 28.0
DEBUG:root:Result: Action: attack_or_defend -> Success
DEBUG:root:Result: Sequence: Gambit -> Success
DEBUG:root:Result: Selector: High Level Ordering of Strategies -> Success
DEBUG:root:Finish turn

DEBUG:root:Executing:Selector: High Level Ordering of Strategies
DEBUG:root:Executing:Sequence: Gambit
DEBUG:root:Executing:Check: is_attacking
DEBUG:root:Result: Check: is_attacking -> Success
DEBUG:root:Executing:Action: attack_or_defend
DEBUG:root:Bad order:1 21.0 36.0
DEBUG:root:Result: Action: attack_or_defend -> Failure
DEBUG:root:Result: Sequence: Gambit -> Failure
DEBUG:root:Executing:Sequence: Spread Strategy
DEBUG:root:Executing:Check: if_neutral_planet_available
DEBUG:root:Result: Check: if_neutral_planet_available -> Success
DEBUG:root:Executing:Action: spread_to_weakest_neutral_planet
DEBUG:root:Result: Action: spread_to_weakest_neutral_planet -> Failure
DEBUG:root:Result: Sequence: Spread Strategy -> Failure
DEBUG:root:Executing:Sequence: War
DEBUG:root:Executing:Check: have_largest_fleet
DEBUG:root:Result: Check: have_largest_fleet -> Failure
DEBUG:root:Result: Sequence: War -> Failure
DEBUG:root:Result: Selector: High Level Ordering of Strategies -> Failure
DEBUG:root:Finish turn

DEBUG:root:Executing:Selector: High Level Ordering of Strategies
DEBUG:root:Executing:Sequence: Gambit
DEBUG:root:Executing:Check: is_attacking
DEBUG:root:Result: Check: is_attacking -> Success
DEBUG:root:Executing:Action: attack_or_defend
DEBUG:root:Bad order:1 26.0 73.0
DEBUG:root:Result: Action: attack_or_defend -> Failure
DEBUG:root:Result: Sequence: Gambit -> Failure
DEBUG:root:Executing:Sequence: Spread Strategy
DEBUG:root:Executing:Check: if_neutral_planet_available
DEBUG:root:Result: Check: if_neutral_planet_available -> Success
DEBUG:root:Executing:Action: spread_to_weakest_neutral_planet
DEBUG:root:Result: Action: spread_to_weakest_neutral_planet -> Failure
DEBUG:root:Result: Sequence: Spread Strategy -> Failure
DEBUG:root:Executing:Sequence: War
DEBUG:root:Executing:Check: have_largest_fleet
DEBUG:root:Result: Check: have_largest_fleet -> Failure
DEBUG:root:Result: Sequence: War -> Failure
DEBUG:root:Result: Selector: High Level Ordering of Strategies -> Failure
DEBUG:root:Finish turn

DEBUG:root:Executing:Selector: High Level Ordering of Strategies
DEBUG:root:Executing:Sequence: Gambit
DEBUG:root:Executing:Check: is_attacking
DEBUG:root:Result: Check: is_attacking -> Success
DEBUG:root:Executing:Action: attack_or_defend
DEBUG:root:Order:1 18 24
DEBUG:root:Result: Action: attack_or_defend -> Success
DEBUG:root:Result: Sequence: Gambit -> Success
DEBUG:root:Result: Selector: High Level Ordering of Strategies -> Success
DEBUG:root:Finish turn

DEBUG:root:Executing:Selector: High Level Ordering of Strategies
DEBUG:root:Executing:Sequence: Gambit
DEBUG:root:Executing:Check: is_attacking
DEBUG:root:Result: Check: is_attacking -> Failure
DEBUG:root:Result: Sequence: Gambit -> Failure
DEBUG:root:Executing:Sequence: Spread Strategy
DEBUG:root:Executing:Check: if_neutral_planet_available
DEBUG:root:Result: Check: if_neutral_planet_available -> Success
DEBUG:root:Executing:Action: spread_to_weakest_neutral_planet
DEBUG:root:Result: Action: spread_to_weakest_neutral_planet -> Failure
DEBUG:root:Result: Sequence: Spread Strategy -> Failure
DEBUG:root:Executing:Sequence: War
DEBUG:root:Executing:Check: have_largest_fleet
DEBUG:root:Result: Check: have_largest_fleet -> Failure
DEBUG:root:Result: Sequence: War -> Failure
DEBUG:root:Result: Selector: High Level Ordering of Strategies -> Failure
DEBUG:root:Finish turn

DEBUG:root:Executing:Selector: High Level Ordering of Strategies
DEBUG:root:Executing:Sequence: Gambit
DEBUG:root:Executing:Check: is_attacking
DEBUG:root:Result: Check: is_attacking -> Success
DEBUG:root:Executing:Action: attack_or_defend
DEBUG:root:Bad order:1 17.0 40.0
DEBUG:root:Result: Action: attack_or_defend -> Failure
DEBUG:root:Result: Sequence: Gambit -> Failure
DEBUG:root:Executing:Sequence: Spread Strategy
DEBUG:root:Executing:Check: if_neutral_planet_available
DEBUG:root:Result: Check: if_neutral_planet_available -> Success
DEBUG:root:Executing:Action: spread_to_weakest_neutral_planet
DEBUG:root:Result: Action: spread_to_weakest_neutral_planet -> Failure
DEBUG:root:Result: Sequence: Spread Strategy -> Failure
DEBUG:root:Executing:Sequence: War
DEBUG:root:Executing:Check: have_largest_fleet
DEBUG:root:Result: Check: have_largest_fleet -> Failure
DEBUG:root:Result: Sequence: War -> Failure
DEBUG:root:Result: Selector: High Level Ordering of Strategies -> Failure
DEBUG:root:Finish turn

DEBUG:root:Executing:Selector: High Level Ordering of Strategies
DEBUG:root:Executing:Sequence: Gambit
DEBUG:root:Executing:Check: is_attacking
DEBUG:root:Result: Check: is_attacking -> Success
DEBUG:root:Executing:Action: attack_or_defend
DEBUG:root:Bad order:1 22.0 24
DEBUG:root:Result: Action: attack_or_defend -> Failure
DEBUG:root:Result: Sequence: Gambit -> Failure
DEBUG:root:Executing:Sequence: Spread Strategy
DEBUG:root:Executing:Check: if_neutral_planet_available
DEBUG:root:Result: Check: if_neutral_planet_available -> Success
DEBUG:root:Executing:Action: spread_to_weakest_neutral_planet
DEBUG:root:Result: Action: spread_to_weakest_neutral_planet -> Failure
DEBUG:root:Result: Sequence: Spread Strategy -> Failure
DEBUG:root:Executing:Sequence: War
DEBUG:root:Executing:Check: have_largest_fleet
DEBUG:root:Result: Check: have_largest_fleet -> Failure
DEBUG:root:Result: Sequence: War -> Failure
DEBUG:root:Result: Selector: High Level Ordering of Strategies -> Failure
DEBUG:root:Finish turn

DEBUG:root:Executing:Selector: High Level Ordering of Strategies
DEBUG:root:Executing:Sequence: Gambit
DEBUG:root:Executing:Check: is_attacking
DEBUG:root:Result: Check: is_attacking -> Success
DEBUG:root:Executing:Action: attack_or_defend
DEBUG:root:Bad order:1 27.0 42.0
DEBUG:root:Result: Action: attack_or_defend -> Failure
DEBUG:root:Result: Sequence: Gambit -> Failure
DEBUG:root:Executing:Sequence: Spread Strategy
DEBUG:root:Executing:Check: if_neutral_planet_available
DEBUG:root:Result: Check: if_neutral_planet_available -> Success
DEBUG:root:Executing:Action: spread_to_weakest_neutral_planet
DEBUG:root:Result: Action: spread_to_weakest_neutral_planet -> Failure
DEBUG:root:Result: Sequence: Spread Strategy -> Failure
DEBUG:root:Executing:Sequence: War
DEBUG:root:Executing:Check: have_largest_fleet
DEBUG:root:Result: Check: have_largest_fleet -> Failure
DEBUG:root:Result: Sequence: War -> Failure
DEBUG:root:Result: Selector: High Level Ordering of Strategies -> Failure
DEBUG:root:Finish turn

DEBUG:root:Executing:Selector: High Level Ordering of Strategies
DEBUG:root:Executing:Sequence: Gambit
DEBUG:root:Executing:Check: is_attacking
DEBUG:root:Result: Check: is_attacking -> Success
DEBUG:root:Executing:Action: attack_or_defend
DEBUG:root:Bad order:1 32.0 118.0
DEBUG:root:Result: Action: attack_or_defend -> Failure
DEBUG:root:Result: Sequence: Gambit -> Failure
DEBUG:root:Executing:Sequence: Spread Strategy
DEBUG:root:Executing:Check: if_neutral_planet_available
DEBUG:root:Result: Check: if_neutral_planet_available -> Success
DEBUG:root:Executing:Action: spread_to_weakest_neutral_planet
DEBUG:root:Result: Action: spread_to_weakest_neutral_planet -> Failure
DEBUG:root:Result: Sequence: Spread Strategy -> Failure
DEBUG:root:Executing:Sequence: War
DEBUG:root:Executing:Check: have_largest_fleet
DEBUG:root:Result: Check: have_largest_fleet -> Failure
DEBUG:root:Result: Sequence: War -> Failure
DEBUG:root:Result: Selector: High Level Ordering of Strategies -> Failure
DEBUG:root:Finish turn

DEBUG:root:Executing:Selector: High Level Ordering of Strategies
DEBUG:root:Executing:Sequence: Gambit
DEBUG:root:Executing:Check: is_attacking
DEBUG:root:Result: Check: is_attacking -> Success
DEBUG:root:Executing:Action: attack_or_defend
DEBUG:root:Order:0 5 35.0
DEBUG:root:Result: Action: attack_or_defend -> Success
DEBUG:root:Result: Sequence: Gambit -> Success
DEBUG:root:Result: Selector: High Level Ordering of Strategies -> Success
DEBUG:root:Finish turn

DEBUG:root:Executing:Selector: High Level Ordering of Strategies
DEBUG:root:Executing:Sequence: Gambit
DEBUG:root:Executing:Check: is_attacking
DEBUG:root:Result: Check: is_attacking -> Success
DEBUG:root:Executing:Action: attack_or_defend
DEBUG:root:Order:0 11 68.0
DEBUG:root:Result: Action: attack_or_defend -> Success
DEBUG:root:Result: Sequence: Gambit -> Success
DEBUG:root:Result: Selector: High Level Ordering of Strategies -> Success
DEBUG:root:Finish turn

DEBUG:root:Executing:Selector: High Level Ordering of Strategies
DEBUG:root:Executing:Sequence: Gambit
DEBUG:root:Executing:Check: is_attacking
DEBUG:root:Result: Check: is_attacking -> Success
DEBUG:root:Executing:Action: attack_or_defend
DEBUG:root:Order:18 18 30
DEBUG:root:Result: Action: attack_or_defend -> Success
DEBUG:root:Result: Sequence: Gambit -> Success
DEBUG:root:Result: Selector: High Level Ordering of Strategies -> Success
DEBUG:root:Finish turn

DEBUG:root:Executing:Selector: High Level Ordering of Strategies
DEBUG:root:Executing:Sequence: Gambit
DEBUG:root:Executing:Check: is_attacking
DEBUG:root:Result: Check: is_attacking -> Success
DEBUG:root:Executing:Action: attack_or_defend
DEBUG:root:Order:1 18 30
DEBUG:root:Result: Action: attack_or_defend -> Success
DEBUG:root:Result: Sequence: Gambit -> Success
DEBUG:root:Result: Selector: High Level Ordering of Strategies -> Success
DEBUG:root:Finish turn

DEBUG:root:Executing:Selector: High Level Ordering of Strategies
DEBUG:root:Executing:Sequence: Gambit
DEBUG:root:Executing:Check: is_attacking
DEBUG:root:Result: Check: is_attacking -> Failure
DEBUG:root:Result: Sequence: Gambit -> Failure
DEBUG:root:Executing:Sequence: Spread Strategy
DEBUG:root:Executing:Check: if_neutral_planet_available
DEBUG:root:Result: Check: if_neutral_planet_available -> Success
DEBUG:root:Executing:Action: spread_to_weakest_neutral_planet
DEBUG:root:Result: Action: spread_to_weakest_neutral_planet -> Failure
DEBUG:root:Result: Sequence: Spread Strategy -> Failure
DEBUG:root:Executing:Sequence: War
DEBUG:root:Executing:Check: have_largest_fleet
DEBUG:root:Result: Check: have_largest_fleet -> Failure
DEBUG:root:Result: Sequence: War -> Failure
DEBUG:root:Result: Selector: High Level Ordering of Strategies -> Failure
DEBUG:root:Finish turn

DEBUG:root:Executing:Selector: High Level Ordering of Strategies
DEBUG:root:Executing:Sequence: Gambit
DEBUG:root:Executing:Check: is_attacking
DEBUG:root:Result: Check: is_attacking -> Success
DEBUG:root:Executing:Action: attack_or_defend
DEBUG:root:Order:11 0 26.0
DEBUG:root:Result: Action: attack_or_defend -> Success
DEBUG:root:Result: Sequence: Gambit -> Success
DEBUG:root:Result: Selector: High Level Ordering of Strategies -> Success
DEBUG:root:Finish turn

DEBUG:root:Executing:Selector: High Level Ordering of Strategies
DEBUG:root:Executing:Sequence: Gambit
DEBUG:root:Executing:Check: is_attacking
DEBUG:root:Result: Check: is_attacking -> Success
DEBUG:root:Executing:Action: attack_or_defend
DEBUG:root:Order:11 0 29.0
DEBUG:root:Result: Action: attack_or_defend -> Success
DEBUG:root:Result: Sequence: Gambit -> Success
DEBUG:root:Result: Selector: High Level Ordering of Strategies -> Success
DEBUG:root:Finish turn

DEBUG:root:Executing:Selector: High Level Ordering of Strategies
DEBUG:root:Executing:Sequence: Gambit
DEBUG:root:Executing:Check: is_attacking
DEBUG:root:Result: Check: is_attacking -> Success
DEBUG:root:Executing:Action: attack_or_defend
DEBUG:root:Order:1 6 41.0
DEBUG:root:Result: Action: attack_or_defend -> Success
DEBUG:root:Result: Sequence: Gambit -> Success
DEBUG:root:Result: Selector: High Level Ordering of Strategies -> Success
DEBUG:root:Finish turn

DEBUG:root:Executing:Selector: High Level Ordering of Strategies
DEBUG:root:Executing:Sequence: Gambit
DEBUG:root:Executing:Check: is_attacking
DEBUG:root:Result: Check: is_attacking -> Success
DEBUG:root:Executing:Action: attack_or_defend
DEBUG:root:Order:18 20 23.0
DEBUG:root:Result: Action: attack_or_defend -> Success
DEBUG:root:Result: Sequence: Gambit -> Success
DEBUG:root:Result: Selector: High Level Ordering of Strategies -> Success
DEBUG:root:Finish turn

DEBUG:root:Executing:Selector: High Level Ordering of Strategies
DEBUG:root:Executing:Sequence: Gambit
DEBUG:root:Executing:Check: is_attacking
DEBUG:root:Result: Check: is_attacking -> Success
DEBUG:root:Executing:Action: attack_or_defend
DEBUG:root:Order:11 20 19.0
DEBUG:root:Result: Action: attack_or_defend -> Success
DEBUG:root:Result: Sequence: Gambit -> Success
DEBUG:root:Result: Selector: High Level Ordering of Strategies -> Success
DEBUG:root:Finish turn

DEBUG:root:Executing:Selector: High Level Ordering of Strategies
DEBUG:root:Executing:Sequence: Gambit
DEBUG:root:Executing:Check: is_attacking
DEBUG:root:Result: Check: is_attacking -> Success
DEBUG:root:Executing:Action: attack_or_defend
DEBUG:root:Bad order:18 42.0 53
DEBUG:root:Result: Action: attack_or_defend -> Failure
DEBUG:root:Result: Sequence: Gambit -> Failure
DEBUG:root:Executing:Sequence: Spread Strategy
DEBUG:root:Executing:Check: if_neutral_planet_available
DEBUG:root:Result: Check: if_neutral_planet_available -> Success
DEBUG:root:Executing:Action: spread_to_weakest_neutral_planet
DEBUG:root:Result: Action: spread_to_weakest_neutral_planet -> Failure
DEBUG:root:Result: Sequence: Spread Strategy -> Failure
DEBUG:root:Executing:Sequence: War
DEBUG:root:Executing:Check: have_largest_fleet
DEBUG:root:Result: Check: have_largest_fleet -> Failure
DEBUG:root:Result: Sequence: War -> Failure
DEBUG:root:Result: Selector: High Level Ordering of Strategies -> Failure
DEBUG:root:Finish turn

DEBUG:root:Executing:Selector: High Level Ordering of Strategies
DEBUG:root:Executing:Sequence: Gambit
DEBUG:root:Executing:Check: is_attacking
DEBUG:root:Result: Check: is_attacking -> Success
DEBUG:root:Executing:Action: attack_or_defend
DEBUG:root:Bad order:18 44.0 53
DEBUG:root:Result: Action: attack_or_defend -> Failure
DEBUG:root:Result: Sequence: Gambit -> Failure
DEBUG:root:Executing:Sequence: Spread Strategy
DEBUG:root:Executing:Check: if_neutral_planet_available
DEBUG:root:Result: Check: if_neutral_planet_available -> Success
DEBUG:root:Executing:Action: spread_to_weakest_neutral_planet
DEBUG:root:Result: Action: spread_to_weakest_neutral_planet -> Failure
DEBUG:root:Result: Sequence: Spread Strategy -> Failure
DEBUG:root:Executing:Sequence: War
DEBUG:root:Executing:Check: have_largest_fleet
DEBUG:root:Result: Check: have_largest_fleet -> Failure
DEBUG:root:Result: Sequence: War -> Failure
DEBUG:root:Result: Selector: High Level Ordering of Strategies -> Failure
DEBUG:root:Finish turn

DEBUG:root:Executing:Selector: High Level Ordering of Strategies
DEBUG:root:Executing:Sequence: Gambit
DEBUG:root:Executing:Check: is_attacking
DEBUG:root:Result: Check: is_attacking -> Success
DEBUG:root:Executing:Action: attack_or_defend
DEBUG:root:Bad order:18 46.0 53
DEBUG:root:Result: Action: attack_or_defend -> Failure
DEBUG:root:Result: Sequence: Gambit -> Failure
DEBUG:root:Executing:Sequence: Spread Strategy
DEBUG:root:Executing:Check: if_neutral_planet_available
DEBUG:root:Result: Check: if_neutral_planet_available -> Success
DEBUG:root:Executing:Action: spread_to_weakest_neutral_planet
DEBUG:root:Result: Action: spread_to_weakest_neutral_planet -> Failure
DEBUG:root:Result: Sequence: Spread Strategy -> Failure
DEBUG:root:Executing:Sequence: War
DEBUG:root:Executing:Check: have_largest_fleet
DEBUG:root:Result: Check: have_largest_fleet -> Failure
DEBUG:root:Result: Sequence: War -> Failure
DEBUG:root:Result: Selector: High Level Ordering of Strategies -> Failure
DEBUG:root:Finish turn

DEBUG:root:Executing:Selector: High Level Ordering of Strategies
DEBUG:root:Executing:Sequence: Gambit
DEBUG:root:Executing:Check: is_attacking
DEBUG:root:Result: Check: is_attacking -> Success
DEBUG:root:Executing:Action: attack_or_defend
DEBUG:root:Bad order:18 48.0 53
DEBUG:root:Result: Action: attack_or_defend -> Failure
DEBUG:root:Result: Sequence: Gambit -> Failure
DEBUG:root:Executing:Sequence: Spread Strategy
DEBUG:root:Executing:Check: if_neutral_planet_available
DEBUG:root:Result: Check: if_neutral_planet_available -> Success
DEBUG:root:Executing:Action: spread_to_weakest_neutral_planet
DEBUG:root:Result: Action: spread_to_weakest_neutral_planet -> Failure
DEBUG:root:Result: Sequence: Spread Strategy -> Failure
DEBUG:root:Executing:Sequence: War
DEBUG:root:Executing:Check: have_largest_fleet
DEBUG:root:Result: Check: have_largest_fleet -> Failure
DEBUG:root:Result: Sequence: War -> Failure
DEBUG:root:Result: Selector: High Level Ordering of Strategies -> Failure
DEBUG:root:Finish turn

DEBUG:root:Executing:Selector: High Level Ordering of Strategies
DEBUG:root:Executing:Sequence: Gambit
DEBUG:root:Executing:Check: is_attacking
DEBUG:root:Result: Check: is_attacking -> Success
DEBUG:root:Executing:Action: attack_or_defend
DEBUG:root:Bad order:18 50.0 53
DEBUG:root:Result: Action: attack_or_defend -> Failure
DEBUG:root:Result: Sequence: Gambit -> Failure
DEBUG:root:Executing:Sequence: Spread Strategy
DEBUG:root:Executing:Check: if_neutral_planet_available
DEBUG:root:Result: Check: if_neutral_planet_available -> Success
DEBUG:root:Executing:Action: spread_to_weakest_neutral_planet
DEBUG:root:Result: Action: spread_to_weakest_neutral_planet -> Failure
DEBUG:root:Result: Sequence: Spread Strategy -> Failure
DEBUG:root:Executing:Sequence: War
DEBUG:root:Executing:Check: have_largest_fleet
DEBUG:root:Result: Check: have_largest_fleet -> Failure
DEBUG:root:Result: Sequence: War -> Failure
DEBUG:root:Result: Selector: High Level Ordering of Strategies -> Failure
DEBUG:root:Finish turn

DEBUG:root:Executing:Selector: High Level Ordering of Strategies
DEBUG:root:Executing:Sequence: Gambit
DEBUG:root:Executing:Check: is_attacking
DEBUG:root:Result: Check: is_attacking -> Success
DEBUG:root:Executing:Action: attack_or_defend
DEBUG:root:Bad order:18 52.0 53
DEBUG:root:Result: Action: attack_or_defend -> Failure
DEBUG:root:Result: Sequence: Gambit -> Failure
DEBUG:root:Executing:Sequence: Spread Strategy
DEBUG:root:Executing:Check: if_neutral_planet_available
DEBUG:root:Result: Check: if_neutral_planet_available -> Success
DEBUG:root:Executing:Action: spread_to_weakest_neutral_planet
DEBUG:root:Result: Action: spread_to_weakest_neutral_planet -> Failure
DEBUG:root:Result: Sequence: Spread Strategy -> Failure
DEBUG:root:Executing:Sequence: War
DEBUG:root:Executing:Check: have_largest_fleet
DEBUG:root:Result: Check: have_largest_fleet -> Failure
DEBUG:root:Result: Sequence: War -> Failure
DEBUG:root:Result: Selector: High Level Ordering of Strategies -> Failure
DEBUG:root:Finish turn

DEBUG:root:Executing:Selector: High Level Ordering of Strategies
DEBUG:root:Executing:Sequence: Gambit
DEBUG:root:Executing:Check: is_attacking
DEBUG:root:Result: Check: is_attacking -> Success
DEBUG:root:Executing:Action: attack_or_defend
DEBUG:root:Order:18 18 53
DEBUG:root:Result: Action: attack_or_defend -> Success
DEBUG:root:Result: Sequence: Gambit -> Success
DEBUG:root:Result: Selector: High Level Ordering of Strategies -> Success
DEBUG:root:Finish turn

DEBUG:root:Executing:Selector: High Level Ordering of Strategies
DEBUG:root:Executing:Sequence: Gambit
DEBUG:root:Executing:Check: is_attacking
DEBUG:root:Result: Check: is_attacking -> Success
DEBUG:root:Executing:Action: attack_or_defend
DEBUG:root:Order:18 18 53
DEBUG:root:Result: Action: attack_or_defend -> Success
DEBUG:root:Result: Sequence: Gambit -> Success
DEBUG:root:Result: Selector: High Level Ordering of Strategies -> Success
DEBUG:root:Finish turn

DEBUG:root:Executing:Selector: High Level Ordering of Strategies
DEBUG:root:Executing:Sequence: Gambit
DEBUG:root:Executing:Check: is_attacking
DEBUG:root:Result: Check: is_attacking -> Success
DEBUG:root:Executing:Action: attack_or_defend
DEBUG:root:Order:0 0 36
DEBUG:root:Result: Action: attack_or_defend -> Success
DEBUG:root:Result: Sequence: Gambit -> Success
DEBUG:root:Result: Selector: High Level Ordering of Strategies -> Success
DEBUG:root:Finish turn

DEBUG:root:Executing:Selector: High Level Ordering of Strategies
DEBUG:root:Executing:Sequence: Gambit
DEBUG:root:Executing:Check: is_attacking
DEBUG:root:Result: Check: is_attacking -> Success
DEBUG:root:Executing:Action: attack_or_defend
DEBUG:root:Order:1 19 20.0
DEBUG:root:Result: Action: attack_or_defend -> Success
DEBUG:root:Result: Sequence: Gambit -> Success
DEBUG:root:Result: Selector: High Level Ordering of Strategies -> Success
DEBUG:root:Finish turn

DEBUG:root:Executing:Selector: High Level Ordering of Strategies
DEBUG:root:Executing:Sequence: Gambit
DEBUG:root:Executing:Check: is_attacking
DEBUG:root:Result: Check: is_attacking -> Success
DEBUG:root:Executing:Action: attack_or_defend
DEBUG:root:Order:11 12 57.0
DEBUG:root:Result: Action: attack_or_defend -> Success
DEBUG:root:Result: Sequence: Gambit -> Success
DEBUG:root:Result: Selector: High Level Ordering of Strategies -> Success
DEBUG:root:Finish turn

DEBUG:root:Executing:Selector: High Level Ordering of Strategies
DEBUG:root:Executing:Sequence: Gambit
DEBUG:root:Executing:Check: is_attacking
DEBUG:root:Result: Check: is_attacking -> Success
DEBUG:root:Executing:Action: attack_or_defend
DEBUG:root:Order:1 19 22.0
DEBUG:root:Result: Action: attack_or_defend -> Success
DEBUG:root:Result: Sequence: Gambit -> Success
DEBUG:root:Result: Selector: High Level Ordering of Strategies -> Success
DEBUG:root:Finish turn

DEBUG:root:Executing:Selector: High Level Ordering of Strategies
DEBUG:root:Executing:Sequence: Gambit
DEBUG:root:Executing:Check: is_attacking
DEBUG:root:Result: Check: is_attacking -> Success
DEBUG:root:Executing:Action: attack_or_defend
DEBUG:root:Bad order:5 38.0 47
DEBUG:root:Result: Action: attack_or_defend -> Failure
DEBUG:root:Result: Sequence: Gambit -> Failure
DEBUG:root:Executing:Sequence: Spread Strategy
DEBUG:root:Executing:Check: if_neutral_planet_available
DEBUG:root:Result: Check: if_neutral_planet_available -> Success
DEBUG:root:Executing:Action: spread_to_weakest_neutral_planet
DEBUG:root:Result: Action: spread_to_weakest_neutral_planet -> Failure
DEBUG:root:Result: Sequence: Spread Strategy -> Failure
DEBUG:root:Executing:Sequence: War
DEBUG:root:Executing:Check: have_largest_fleet
DEBUG:root:Result: Check: have_largest_fleet -> Failure
DEBUG:root:Result: Sequence: War -> Failure
DEBUG:root:Result: Selector: High Level Ordering of Strategies -> Failure
DEBUG:root:Finish turn

DEBUG:root:Executing:Selector: High Level Ordering of Strategies
DEBUG:root:Executing:Sequence: Gambit
DEBUG:root:Executing:Check: is_attacking
DEBUG:root:Result: Check: is_attacking -> Success
DEBUG:root:Executing:Action: attack_or_defend
DEBUG:root:Order:1 19 24.0
DEBUG:root:Result: Action: attack_or_defend -> Success
DEBUG:root:Result: Sequence: Gambit -> Success
DEBUG:root:Result: Selector: High Level Ordering of Strategies -> Success
DEBUG:root:Finish turn

DEBUG:root:Executing:Selector: High Level Ordering of Strategies
DEBUG:root:Executing:Sequence: Gambit
DEBUG:root:Executing:Check: is_attacking
DEBUG:root:Result: Check: is_attacking -> Success
DEBUG:root:Executing:Action: attack_or_defend
DEBUG:root:Order:0 17 39.0
DEBUG:root:Result: Action: attack_or_defend -> Success
DEBUG:root:Result: Sequence: Gambit -> Success
DEBUG:root:Result: Selector: High Level Ordering of Strategies -> Success
DEBUG:root:Finish turn

DEBUG:root:Executing:Selector: High Level Ordering of Strategies
DEBUG:root:Executing:Sequence: Gambit
DEBUG:root:Executing:Check: is_attacking
DEBUG:root:Result: Check: is_attacking -> Success
DEBUG:root:Executing:Action: attack_or_defend
DEBUG:root:Bad order:5 41.0 47
DEBUG:root:Result: Action: attack_or_defend -> Failure
DEBUG:root:Result: Sequence: Gambit -> Failure
DEBUG:root:Executing:Sequence: Spread Strategy
DEBUG:root:Executing:Check: if_neutral_planet_available
DEBUG:root:Result: Check: if_neutral_planet_available -> Success
DEBUG:root:Executing:Action: spread_to_weakest_neutral_planet
DEBUG:root:Result: Action: spread_to_weakest_neutral_planet -> Failure
DEBUG:root:Result: Sequence: Spread Strategy -> Failure
DEBUG:root:Executing:Sequence: War
DEBUG:root:Executing:Check: have_largest_fleet
DEBUG:root:Result: Check: have_largest_fleet -> Failure
DEBUG:root:Result: Sequence: War -> Failure
DEBUG:root:Result: Selector: High Level Ordering of Strategies -> Failure
DEBUG:root:Finish turn

DEBUG:root:Executing:Selector: High Level Ordering of Strategies
DEBUG:root:Executing:Sequence: Gambit
DEBUG:root:Executing:Check: is_attacking
DEBUG:root:Result: Check: is_attacking -> Success
DEBUG:root:Executing:Action: attack_or_defend
DEBUG:root:Bad order:5 42.0 47
DEBUG:root:Result: Action: attack_or_defend -> Failure
DEBUG:root:Result: Sequence: Gambit -> Failure
DEBUG:root:Executing:Sequence: Spread Strategy
DEBUG:root:Executing:Check: if_neutral_planet_available
DEBUG:root:Result: Check: if_neutral_planet_available -> Success
DEBUG:root:Executing:Action: spread_to_weakest_neutral_planet
DEBUG:root:Result: Action: spread_to_weakest_neutral_planet -> Failure
DEBUG:root:Result: Sequence: Spread Strategy -> Failure
DEBUG:root:Executing:Sequence: War
DEBUG:root:Executing:Check: have_largest_fleet
DEBUG:root:Result: Check: have_largest_fleet -> Failure
DEBUG:root:Result: Sequence: War -> Failure
DEBUG:root:Result: Selector: High Level Ordering of Strategies -> Failure
DEBUG:root:Finish turn

DEBUG:root:Executing:Selector: High Level Ordering of Strategies
DEBUG:root:Executing:Sequence: Gambit
DEBUG:root:Executing:Check: is_attacking
DEBUG:root:Result: Check: is_attacking -> Success
DEBUG:root:Executing:Action: attack_or_defend
DEBUG:root:Bad order:5 43.0 47
DEBUG:root:Result: Action: attack_or_defend -> Failure
DEBUG:root:Result: Sequence: Gambit -> Failure
DEBUG:root:Executing:Sequence: Spread Strategy
DEBUG:root:Executing:Check: if_neutral_planet_available
DEBUG:root:Result: Check: if_neutral_planet_available -> Success
DEBUG:root:Executing:Action: spread_to_weakest_neutral_planet
DEBUG:root:Result: Action: spread_to_weakest_neutral_planet -> Failure
DEBUG:root:Result: Sequence: Spread Strategy -> Failure
DEBUG:root:Executing:Sequence: War
DEBUG:root:Executing:Check: have_largest_fleet
DEBUG:root:Result: Check: have_largest_fleet -> Failure
DEBUG:root:Result: Sequence: War -> Failure
DEBUG:root:Result: Selector: High Level Ordering of Strategies -> Failure
DEBUG:root:Finish turn

DEBUG:root:Executing:Selector: High Level Ordering of Strategies
DEBUG:root:Executing:Sequence: Gambit
DEBUG:root:Executing:Check: is_attacking
DEBUG:root:Result: Check: is_attacking -> Success
DEBUG:root:Executing:Action: attack_or_defend
DEBUG:root:Order:11 13 44.0
DEBUG:root:Result: Action: attack_or_defend -> Success
DEBUG:root:Result: Sequence: Gambit -> Success
DEBUG:root:Result: Selector: High Level Ordering of Strategies -> Success
DEBUG:root:Finish turn

DEBUG:root:Executing:Selector: High Level Ordering of Strategies
DEBUG:root:Executing:Sequence: Gambit
DEBUG:root:Executing:Check: is_attacking
DEBUG:root:Result: Check: is_attacking -> Success
DEBUG:root:Executing:Action: attack_or_defend
DEBUG:root:Bad order:1 45.0 50
DEBUG:root:Result: Action: attack_or_defend -> Failure
DEBUG:root:Result: Sequence: Gambit -> Failure
DEBUG:root:Executing:Sequence: Spread Strategy
DEBUG:root:Executing:Check: if_neutral_planet_available
DEBUG:root:Result: Check: if_neutral_planet_available -> Success
DEBUG:root:Executing:Action: spread_to_weakest_neutral_planet
DEBUG:root:Result: Action: spread_to_weakest_neutral_planet -> Failure
DEBUG:root:Result: Sequence: Spread Strategy -> Failure
DEBUG:root:Executing:Sequence: War
DEBUG:root:Executing:Check: have_largest_fleet
DEBUG:root:Result: Check: have_largest_fleet -> Failure
DEBUG:root:Result: Sequence: War -> Failure
DEBUG:root:Result: Selector: High Level Ordering of Strategies -> Failure
DEBUG:root:Finish turn

DEBUG:root:Executing:Selector: High Level Ordering of Strategies
DEBUG:root:Executing:Sequence: Gambit
DEBUG:root:Executing:Check: is_attacking
DEBUG:root:Result: Check: is_attacking -> Success
DEBUG:root:Executing:Action: attack_or_defend
DEBUG:root:Order:1 18 50
DEBUG:root:Result: Action: attack_or_defend -> Success
DEBUG:root:Result: Sequence: Gambit -> Success
DEBUG:root:Result: Selector: High Level Ordering of Strategies -> Success
DEBUG:root:Finish turn

DEBUG:root:Executing:Selector: High Level Ordering of Strategies
DEBUG:root:Executing:Sequence: Gambit
DEBUG:root:Executing:Check: is_attacking
DEBUG:root:Result: Check: is_attacking -> Success
DEBUG:root:Executing:Action: attack_or_defend
DEBUG:root:Order:12 0 20.0
DEBUG:root:Result: Action: attack_or_defend -> Success
DEBUG:root:Result: Sequence: Gambit -> Success
DEBUG:root:Result: Selector: High Level Ordering of Strategies -> Success
DEBUG:root:Finish turn

DEBUG:root:Executing:Selector: High Level Ordering of Strategies
DEBUG:root:Executing:Sequence: Gambit
DEBUG:root:Executing:Check: is_attacking
DEBUG:root:Result: Check: is_attacking -> Success
DEBUG:root:Executing:Action: attack_or_defend
DEBUG:root:Order:19 21 34.0
DEBUG:root:Result: Action: attack_or_defend -> Success
DEBUG:root:Result: Sequence: Gambit -> Success
DEBUG:root:Result: Selector: High Level Ordering of Strategies -> Success
DEBUG:root:Finish turn

DEBUG:root:Executing:Selector: High Level Ordering of Strategies
DEBUG:root:Executing:Sequence: Gambit
DEBUG:root:Executing:Check: is_attacking
DEBUG:root:Result: Check: is_attacking -> Success
DEBUG:root:Executing:Action: attack_or_defend
DEBUG:root:Order:18 21 31.0
DEBUG:root:Result: Action: attack_or_defend -> Success
DEBUG:root:Result: Sequence: Gambit -> Success
DEBUG:root:Result: Selector: High Level Ordering of Strategies -> Success
DEBUG:root:Finish turn

DEBUG:root:Executing:Selector: High Level Ordering of Strategies
DEBUG:root:Executing:Sequence: Gambit
DEBUG:root:Executing:Check: is_attacking
DEBUG:root:Result: Check: is_attacking -> Success
DEBUG:root:Executing:Action: attack_or_defend
DEBUG:root:Order:12 0 29.0
DEBUG:root:Result: Action: attack_or_defend -> Success
DEBUG:root:Result: Sequence: Gambit -> Success
DEBUG:root:Result: Selector: High Level Ordering of Strategies -> Success
DEBUG:root:Finish turn

DEBUG:root:Executing:Selector: High Level Ordering of Strategies
DEBUG:root:Executing:Sequence: Gambit
DEBUG:root:Executing:Check: is_attacking
DEBUG:root:Result: Check: is_attacking -> Success
DEBUG:root:Executing:Action: attack_or_defend
DEBUG:root:Order:11 5 19.0
DEBUG:root:Result: Action: attack_or_defend -> Success
DEBUG:root:Result: Sequence: Gambit -> Success
DEBUG:root:Result: Selector: High Level Ordering of Strategies -> Success
DEBUG:root:Finish turn

DEBUG:root:Executing:Selector: High Level Ordering of Strategies
DEBUG:root:Executing:Sequence: Gambit
DEBUG:root:Executing:Check: is_attacking
DEBUG:root:Result: Check: is_attacking -> Success
DEBUG:root:Executing:Action: attack_or_defend
DEBUG:root:Order:1 6 15.0
DEBUG:root:Result: Action: attack_or_defend -> Success
DEBUG:root:Result: Sequence: Gambit -> Success
DEBUG:root:Result: Selector: High Level Ordering of Strategies -> Success
DEBUG:root:Finish turn

DEBUG:root:Executing:Selector: High Level Ordering of Strategies
DEBUG:root:Executing:Sequence: Gambit
DEBUG:root:Executing:Check: is_attacking
DEBUG:root:Result: Check: is_attacking -> Success
DEBUG:root:Executing:Action: attack_or_defend
DEBUG:root:Order:18 18 50
DEBUG:root:Result: Action: attack_or_defend -> Success
DEBUG:root:Result: Sequence: Gambit -> Success
DEBUG:root:Result: Selector: High Level Ordering of Strategies -> Success
DEBUG:root:Finish turn

DEBUG:root:Executing:Selector: High Level Ordering of Strategies
DEBUG:root:Executing:Sequence: Gambit
DEBUG:root:Executing:Check: is_attacking
DEBUG:root:Result: Check: is_attacking -> Success
DEBUG:root:Executing:Action: attack_or_defend
DEBUG:root:Order:18 18 50
DEBUG:root:Result: Action: attack_or_defend -> Success
DEBUG:root:Result: Sequence: Gambit -> Success
DEBUG:root:Result: Selector: High Level Ordering of Strategies -> Success
DEBUG:root:Finish turn

DEBUG:root:Executing:Selector: High Level Ordering of Strategies
DEBUG:root:Executing:Sequence: Gambit
DEBUG:root:Executing:Check: is_attacking
DEBUG:root:Result: Check: is_attacking -> Success
DEBUG:root:Executing:Action: attack_or_defend
DEBUG:root:Order:13 19 27
DEBUG:root:Result: Action: attack_or_defend -> Success
DEBUG:root:Result: Sequence: Gambit -> Success
DEBUG:root:Result: Selector: High Level Ordering of Strategies -> Success
DEBUG:root:Finish turn

DEBUG:root:Executing:Selector: High Level Ordering of Strategies
DEBUG:root:Executing:Sequence: Gambit
DEBUG:root:Executing:Check: is_attacking
DEBUG:root:Result: Check: is_attacking -> Success
DEBUG:root:Executing:Action: attack_or_defend
DEBUG:root:Order:0 15 36.0
DEBUG:root:Result: Action: attack_or_defend -> Success
DEBUG:root:Result: Sequence: Gambit -> Success
DEBUG:root:Result: Selector: High Level Ordering of Strategies -> Success
DEBUG:root:Finish turn

DEBUG:root:Executing:Selector: High Level Ordering of Strategies
DEBUG:root:Executing:Sequence: Gambit
DEBUG:root:Executing:Check: is_attacking
DEBUG:root:Result: Check: is_attacking -> Success
DEBUG:root:Executing:Action: attack_or_defend
DEBUG:root:Order:11 5 25.0
DEBUG:root:Result: Action: attack_or_defend -> Success
DEBUG:root:Result: Sequence: Gambit -> Success
DEBUG:root:Result: Selector: High Level Ordering of Strategies -> Success
DEBUG:root:Finish turn

DEBUG:root:Executing:Selector: High Level Ordering of Strategies
DEBUG:root:Executing:Sequence: Gambit
DEBUG:root:Executing:Check: is_attacking
DEBUG:root:Result: Check: is_attacking -> Success
DEBUG:root:Executing:Action: attack_or_defend
DEBUG:root:Order:21 5 29.0
DEBUG:root:Result: Action: attack_or_defend -> Success
DEBUG:root:Result: Sequence: Gambit -> Success
DEBUG:root:Result: Selector: High Level Ordering of Strategies -> Success
DEBUG:root:Finish turn

DEBUG:root:Executing:Selector: High Level Ordering of Strategies
DEBUG:root:Executing:Sequence: Gambit
DEBUG:root:Executing:Check: is_attacking
DEBUG:root:Result: Check: is_attacking -> Success
DEBUG:root:Executing:Action: attack_or_defend
DEBUG:root:Order:1 6 22.0
DEBUG:root:Result: Action: attack_or_defend -> Success
DEBUG:root:Result: Sequence: Gambit -> Success
DEBUG:root:Result: Selector: High Level Ordering of Strategies -> Success
DEBUG:root:Finish turn

DEBUG:root:Executing:Selector: High Level Ordering of Strategies
DEBUG:root:Executing:Sequence: Gambit
DEBUG:root:Executing:Check: is_attacking
DEBUG:root:Result: Check: is_attacking -> Success
DEBUG:root:Executing:Action: attack_or_defend
DEBUG:root:Order:12 15 39.0
DEBUG:root:Result: Action: attack_or_defend -> Success
DEBUG:root:Result: Sequence: Gambit -> Success
DEBUG:root:Result: Selector: High Level Ordering of Strategies -> Success
DEBUG:root:Finish turn

DEBUG:root:Executing:Selector: High Level Ordering of Strategies
DEBUG:root:Executing:Sequence: Gambit
DEBUG:root:Executing:Check: is_attacking
DEBUG:root:Result: Check: is_attacking -> Success
DEBUG:root:Executing:Action: attack_or_defend
DEBUG:root:Order:11 5 29.0
DEBUG:root:Result: Action: attack_or_defend -> Success
DEBUG:root:Result: Sequence: Gambit -> Success
DEBUG:root:Result: Selector: High Level Ordering of Strategies -> Success
DEBUG:root:Finish turn

DEBUG:root:Executing:Selector: High Level Ordering of Strategies
DEBUG:root:Executing:Sequence: Gambit
DEBUG:root:Executing:Check: is_attacking
DEBUG:root:Result: Check: is_attacking -> Success
DEBUG:root:Executing:Action: attack_or_defend
DEBUG:root:Order:1 6 25.0
DEBUG:root:Result: Action: attack_or_defend -> Success
DEBUG:root:Result: Sequence: Gambit -> Success
DEBUG:root:Result: Selector: High Level Ordering of Strategies -> Success
DEBUG:root:Finish turn

DEBUG:root:Executing:Selector: High Level Ordering of Strategies
DEBUG:root:Executing:Sequence: Gambit
DEBUG:root:Executing:Check: is_attacking
DEBUG:root:Result: Check: is_attacking -> Success
DEBUG:root:Executing:Action: attack_or_defend
DEBUG:root:Order:18 0 30.0
DEBUG:root:Result: Action: attack_or_defend -> Success
DEBUG:root:Result: Sequence: Gambit -> Success
DEBUG:root:Result: Selector: High Level Ordering of Strategies -> Success
DEBUG:root:Finish turn

DEBUG:root:Executing:Selector: High Level Ordering of Strategies
DEBUG:root:Executing:Sequence: Gambit
DEBUG:root:Executing:Check: is_attacking
DEBUG:root:Result: Check: is_attacking -> Success
DEBUG:root:Executing:Action: attack_or_defend
DEBUG:root:Order:19 19 27
DEBUG:root:Result: Action: attack_or_defend -> Success
DEBUG:root:Result: Sequence: Gambit -> Success
DEBUG:root:Result: Selector: High Level Ordering of Strategies -> Success
DEBUG:root:Finish turn

DEBUG:root:Executing:Selector: High Level Ordering of Strategies
DEBUG:root:Executing:Sequence: Gambit
DEBUG:root:Executing:Check: is_attacking
DEBUG:root:Result: Check: is_attacking -> Success
DEBUG:root:Executing:Action: attack_or_defend
DEBUG:root:Order:19 19 27
DEBUG:root:Result: Action: attack_or_defend -> Success
DEBUG:root:Result: Sequence: Gambit -> Success
DEBUG:root:Result: Selector: High Level Ordering of Strategies -> Success
DEBUG:root:Finish turn

DEBUG:root:Executing:Selector: High Level Ordering of Strategies
DEBUG:root:Executing:Sequence: Gambit
DEBUG:root:Executing:Check: is_attacking
DEBUG:root:Result: Check: is_attacking -> Success
DEBUG:root:Executing:Action: attack_or_defend
DEBUG:root:Order:19 19 27
DEBUG:root:Result: Action: attack_or_defend -> Success
DEBUG:root:Result: Sequence: Gambit -> Success
DEBUG:root:Result: Selector: High Level Ordering of Strategies -> Success
DEBUG:root:Finish turn

DEBUG:root:Executing:Selector: High Level Ordering of Strategies
DEBUG:root:Executing:Sequence: Gambit
DEBUG:root:Executing:Check: is_attacking
DEBUG:root:Result: Check: is_attacking -> Success
DEBUG:root:Executing:Action: attack_or_defend
DEBUG:root:Order:19 19 27
DEBUG:root:Result: Action: attack_or_defend -> Success
DEBUG:root:Result: Sequence: Gambit -> Success
DEBUG:root:Result: Selector: High Level Ordering of Strategies -> Success
DEBUG:root:Finish turn

DEBUG:root:Executing:Selector: High Level Ordering of Strategies
DEBUG:root:Executing:Sequence: Gambit
DEBUG:root:Executing:Check: is_attacking
DEBUG:root:Result: Check: is_attacking -> Success
DEBUG:root:Executing:Action: attack_or_defend
DEBUG:root:Order:12 0 36.0
DEBUG:root:Result: Action: attack_or_defend -> Success
DEBUG:root:Result: Sequence: Gambit -> Success
DEBUG:root:Result: Selector: High Level Ordering of Strategies -> Success
DEBUG:root:Finish turn

DEBUG:root:Executing:Selector: High Level Ordering of Strategies
DEBUG:root:Executing:Sequence: Gambit
DEBUG:root:Executing:Check: is_attacking
DEBUG:root:Result: Check: is_attacking -> Success
DEBUG:root:Executing:Action: attack_or_defend
DEBUG:root:Order:1 18 46.0
DEBUG:root:Result: Action: attack_or_defend -> Success
DEBUG:root:Result: Sequence: Gambit -> Success
DEBUG:root:Result: Selector: High Level Ordering of Strategies -> Success
DEBUG:root:Finish turn

DEBUG:root:Executing:Selector: High Level Ordering of Strategies
DEBUG:root:Executing:Sequence: Gambit
DEBUG:root:Executing:Check: is_attacking
DEBUG:root:Result: Check: is_attacking -> Success
DEBUG:root:Executing:Action: attack_or_defend
DEBUG:root:Order:11 18 48.0
DEBUG:root:Result: Action: attack_or_defend -> Success
DEBUG:root:Result: Sequence: Gambit -> Success
DEBUG:root:Result: Selector: High Level Ordering of Strategies -> Success
DEBUG:root:Finish turn

DEBUG:root:Executing:Selector: High Level Ordering of Strategies
DEBUG:root:Executing:Sequence: Gambit
DEBUG:root:Executing:Check: is_attacking
DEBUG:root:Result: Check: is_attacking -> Success
DEBUG:root:Executing:Action: attack_or_defend
DEBUG:root:Order:21 18 46.0
DEBUG:root:Result: Action: attack_or_defend -> Success
DEBUG:root:Result: Sequence: Gambit -> Success
DEBUG:root:Result: Selector: High Level Ordering of Strategies -> Success
DEBUG:root:Finish turn

DEBUG:root:Executing:Selector: High Level Ordering of Strategies
DEBUG:root:Executing:Sequence: Gambit
DEBUG:root:Executing:Check: is_attacking
DEBUG:root:Result: Check: is_attacking -> Success
DEBUG:root:Executing:Action: attack_or_defend
DEBUG:root:Order:5 5 26
DEBUG:root:Result: Action: attack_or_defend -> Success
DEBUG:root:Result: Sequence: Gambit -> Success
DEBUG:root:Result: Selector: High Level Ordering of Strategies -> Success
DEBUG:root:Finish turn

DEBUG:root:Executing:Selector: High Level Ordering of Strategies
DEBUG:root:Executing:Sequence: Gambit
DEBUG:root:Executing:Check: is_attacking
DEBUG:root:Result: Check: is_attacking -> Success
DEBUG:root:Executing:Action: attack_or_defend
DEBUG:root:Order:5 5 26
DEBUG:root:Result: Action: attack_or_defend -> Success
DEBUG:root:Result: Sequence: Gambit -> Success
DEBUG:root:Result: Selector: High Level Ordering of Strategies -> Success
DEBUG:root:Finish turn

DEBUG:root:Executing:Selector: High Level Ordering of Strategies
DEBUG:root:Executing:Sequence: Gambit
DEBUG:root:Executing:Check: is_attacking
DEBUG:root:Result: Check: is_attacking -> Success
DEBUG:root:Executing:Action: attack_or_defend
DEBUG:root:Order:5 5 26
DEBUG:root:Result: Action: attack_or_defend -> Success
DEBUG:root:Result: Sequence: Gambit -> Success
DEBUG:root:Result: Selector: High Level Ordering of Strategies -> Success
DEBUG:root:Finish turn

DEBUG:root:Executing:Selector: High Level Ordering of Strategies
DEBUG:root:Executing:Sequence: Gambit
DEBUG:root:Executing:Check: is_attacking
DEBUG:root:Result: Check: is_attacking -> Success
DEBUG:root:Executing:Action: attack_or_defend
DEBUG:root:Order:5 5 26
DEBUG:root:Result: Action: attack_or_defend -> Success
DEBUG:root:Result: Sequence: Gambit -> Success
DEBUG:root:Result: Selector: High Level Ordering of Strategies -> Success
DEBUG:root:Finish turn

DEBUG:root:Executing:Selector: High Level Ordering of Strategies
DEBUG:root:Executing:Sequence: Gambit
DEBUG:root:Executing:Check: is_attacking
DEBUG:root:Result: Check: is_attacking -> Success
DEBUG:root:Executing:Action: attack_or_defend
DEBUG:root:Order:5 5 26
DEBUG:root:Result: Action: attack_or_defend -> Success
DEBUG:root:Result: Sequence: Gambit -> Success
DEBUG:root:Result: Selector: High Level Ordering of Strategies -> Success
DEBUG:root:Finish turn

DEBUG:root:Executing:Selector: High Level Ordering of Strategies
DEBUG:root:Executing:Sequence: Gambit
DEBUG:root:Executing:Check: is_attacking
DEBUG:root:Result: Check: is_attacking -> Success
DEBUG:root:Executing:Action: attack_or_defend
DEBUG:root:Order:5 5 26
DEBUG:root:Result: Action: attack_or_defend -> Success
DEBUG:root:Result: Sequence: Gambit -> Success
DEBUG:root:Result: Selector: High Level Ordering of Strategies -> Success
DEBUG:root:Finish turn

DEBUG:root:Executing:Selector: High Level Ordering of Strategies
DEBUG:root:Executing:Sequence: Gambit
DEBUG:root:Executing:Check: is_attacking
DEBUG:root:Result: Check: is_attacking -> Success
DEBUG:root:Executing:Action: attack_or_defend
DEBUG:root:Order:5 5 26
DEBUG:root:Result: Action: attack_or_defend -> Success
DEBUG:root:Result: Sequence: Gambit -> Success
DEBUG:root:Result: Selector: High Level Ordering of Strategies -> Success
DEBUG:root:Finish turn

DEBUG:root:Executing:Selector: High Level Ordering of Strategies
DEBUG:root:Executing:Sequence: Gambit
DEBUG:root:Executing:Check: is_attacking
DEBUG:root:Result: Check: is_attacking -> Success
DEBUG:root:Executing:Action: attack_or_defend
DEBUG:root:Order:5 5 26
DEBUG:root:Result: Action: attack_or_defend -> Success
DEBUG:root:Result: Sequence: Gambit -> Success
DEBUG:root:Result: Selector: High Level Ordering of Strategies -> Success
DEBUG:root:Finish turn

DEBUG:root:Executing:Selector: High Level Ordering of Strategies
DEBUG:root:Executing:Sequence: Gambit
DEBUG:root:Executing:Check: is_attacking
DEBUG:root:Result: Check: is_attacking -> Success
DEBUG:root:Executing:Action: attack_or_defend
DEBUG:root:Order:18 16 56.0
DEBUG:root:Result: Action: attack_or_defend -> Success
DEBUG:root:Result: Sequence: Gambit -> Success
DEBUG:root:Result: Selector: High Level Ordering of Strategies -> Success
DEBUG:root:Finish turn

DEBUG:root:Executing:Selector: High Level Ordering of Strategies
DEBUG:root:Executing:Sequence: Gambit
DEBUG:root:Executing:Check: is_attacking
DEBUG:root:Result: Check: is_attacking -> Success
DEBUG:root:Executing:Action: attack_or_defend
DEBUG:root:Order:5 5 26
DEBUG:root:Result: Action: attack_or_defend -> Success
DEBUG:root:Result: Sequence: Gambit -> Success
DEBUG:root:Result: Selector: High Level Ordering of Strategies -> Success
DEBUG:root:Finish turn

DEBUG:root:Executing:Selector: High Level Ordering of Strategies
DEBUG:root:Executing:Sequence: Gambit
DEBUG:root:Executing:Check: is_attacking
DEBUG:root:Result: Check: is_attacking -> Success
DEBUG:root:Executing:Action: attack_or_defend
DEBUG:root:Order:5 5 26
DEBUG:root:Result: Action: attack_or_defend -> Success
DEBUG:root:Result: Sequence: Gambit -> Success
DEBUG:root:Result: Selector: High Level Ordering of Strategies -> Success
DEBUG:root:Finish turn

DEBUG:root:Executing:Selector: High Level Ordering of Strategies
DEBUG:root:Executing:Sequence: Gambit
DEBUG:root:Executing:Check: is_attacking
DEBUG:root:Result: Check: is_attacking -> Success
DEBUG:root:Executing:Action: attack_or_defend
DEBUG:root:Order:5 5 26
DEBUG:root:Result: Action: attack_or_defend -> Success
DEBUG:root:Result: Sequence: Gambit -> Success
DEBUG:root:Result: Selector: High Level Ordering of Strategies -> Success
DEBUG:root:Finish turn

DEBUG:root:Executing:Selector: High Level Ordering of Strategies
DEBUG:root:Executing:Sequence: Gambit
DEBUG:root:Executing:Check: is_attacking
DEBUG:root:Result: Check: is_attacking -> Success
DEBUG:root:Executing:Action: attack_or_defend
DEBUG:root:Order:5 5 26
DEBUG:root:Result: Action: attack_or_defend -> Success
DEBUG:root:Result: Sequence: Gambit -> Success
DEBUG:root:Result: Selector: High Level Ordering of Strategies -> Success
DEBUG:root:Finish turn

DEBUG:root:Executing:Selector: High Level Ordering of Strategies
DEBUG:root:Executing:Sequence: Gambit
DEBUG:root:Executing:Check: is_attacking
DEBUG:root:Result: Check: is_attacking -> Success
DEBUG:root:Executing:Action: attack_or_defend
DEBUG:root:Order:12 17 60.0
DEBUG:root:Result: Action: attack_or_defend -> Success
DEBUG:root:Result: Sequence: Gambit -> Success
DEBUG:root:Result: Selector: High Level Ordering of Strategies -> Success
DEBUG:root:Finish turn

DEBUG:root:Executing:Selector: High Level Ordering of Strategies
DEBUG:root:Executing:Sequence: Gambit
DEBUG:root:Executing:Check: is_attacking
DEBUG:root:Result: Check: is_attacking -> Success
DEBUG:root:Executing:Action: attack_or_defend
DEBUG:root:Order:15 14 32.0
DEBUG:root:Result: Action: attack_or_defend -> Success
DEBUG:root:Result: Sequence: Gambit -> Success
DEBUG:root:Result: Selector: High Level Ordering of Strategies -> Success
DEBUG:root:Finish turn

DEBUG:root:Executing:Selector: High Level Ordering of Strategies
DEBUG:root:Executing:Sequence: Gambit
DEBUG:root:Executing:Check: is_attacking
DEBUG:root:Result: Check: is_attacking -> Success
DEBUG:root:Executing:Action: attack_or_defend
DEBUG:root:Order:1 19 77
DEBUG:root:Result: Action: attack_or_defend -> Success
DEBUG:root:Result: Sequence: Gambit -> Success
DEBUG:root:Result: Selector: High Level Ordering of Strategies -> Success
DEBUG:root:Finish turn

DEBUG:root:Executing:Selector: High Level Ordering of Strategies
DEBUG:root:Executing:Sequence: Gambit
DEBUG:root:Executing:Check: is_attacking
DEBUG:root:Result: Check: is_attacking -> Success
DEBUG:root:Executing:Action: attack_or_defend
DEBUG:root:Order:11 16 71.0
DEBUG:root:Result: Action: attack_or_defend -> Success
DEBUG:root:Result: Sequence: Gambit -> Success
DEBUG:root:Result: Selector: High Level Ordering of Strategies -> Success
DEBUG:root:Finish turn

DEBUG:root:Executing:Selector: High Level Ordering of Strategies
DEBUG:root:Executing:Sequence: Gambit
DEBUG:root:Executing:Check: is_attacking
DEBUG:root:Result: Check: is_attacking -> Success
DEBUG:root:Executing:Action: attack_or_defend
DEBUG:root:Order:5 16 74.0
DEBUG:root:Result: Action: attack_or_defend -> Success
DEBUG:root:Result: Sequence: Gambit -> Success
DEBUG:root:Result: Selector: High Level Ordering of Strategies -> Success
DEBUG:root:Finish turn

DEBUG:root:Executing:Selector: High Level Ordering of Strategies
DEBUG:root:Executing:Sequence: Gambit
DEBUG:root:Executing:Check: is_attacking
DEBUG:root:Result: Check: is_attacking -> Success
DEBUG:root:Executing:Action: attack_or_defend
DEBUG:root:Order:13 9 59.0
DEBUG:root:Result: Action: attack_or_defend -> Success
DEBUG:root:Result: Sequence: Gambit -> Success
DEBUG:root:Result: Selector: High Level Ordering of Strategies -> Success
DEBUG:root:Finish turn

DEBUG:root:Executing:Selector: High Level Ordering of Strategies
DEBUG:root:Executing:Sequence: Gambit
DEBUG:root:Executing:Check: is_attacking
DEBUG:root:Result: Check: is_attacking -> Success
DEBUG:root:Executing:Action: attack_or_defend
DEBUG:root:Order:15 14 42.0
DEBUG:root:Result: Action: attack_or_defend -> Success
DEBUG:root:Result: Sequence: Gambit -> Success
DEBUG:root:Result: Selector: High Level Ordering of Strategies -> Success
DEBUG:root:Finish turn

DEBUG:root:Executing:Selector: High Level Ordering of Strategies
DEBUG:root:Executing:Sequence: Gambit
DEBUG:root:Executing:Check: is_attacking
DEBUG:root:Result: Check: is_attacking -> Success
DEBUG:root:Executing:Action: attack_or_defend
DEBUG:root:Order:12 22 59.0
DEBUG:root:Result: Action: attack_or_defend -> Success
DEBUG:root:Result: Sequence: Gambit -> Success
DEBUG:root:Result: Selector: High Level Ordering of Strategies -> Success
DEBUG:root:Finish turn

DEBUG:root:Executing:Selector: High Level Ordering of Strategies
DEBUG:root:Executing:Sequence: Gambit
DEBUG:root:Executing:Check: is_attacking
DEBUG:root:Result: Check: is_attacking -> Success
DEBUG:root:Executing:Action: attack_or_defend
DEBUG:root:Order:21 9 35.0
DEBUG:root:Result: Action: attack_or_defend -> Success
DEBUG:root:Result: Sequence: Gambit -> Success
DEBUG:root:Result: Selector: High Level Ordering of Strategies -> Success
DEBUG:root:Finish turn

DEBUG:root:Executing:Selector: High Level Ordering of Strategies
DEBUG:root:Executing:Sequence: Gambit
DEBUG:root:Executing:Check: is_attacking
DEBUG:root:Result: Check: is_attacking -> Success
DEBUG:root:Executing:Action: attack_or_defend
DEBUG:root:Order:18 9 35.0
DEBUG:root:Result: Action: attack_or_defend -> Success
DEBUG:root:Result: Sequence: Gambit -> Success
DEBUG:root:Result: Selector: High Level Ordering of Strategies -> Success
DEBUG:root:Finish turn

DEBUG:root:Executing:Selector: High Level Ordering of Strategies
DEBUG:root:Executing:Sequence: Gambit
DEBUG:root:Executing:Check: is_attacking
DEBUG:root:Result: Check: is_attacking -> Success
DEBUG:root:Executing:Action: attack_or_defend
DEBUG:root:Order:16 9 33.0
DEBUG:root:Result: Action: attack_or_defend -> Success
DEBUG:root:Result: Sequence: Gambit -> Success
DEBUG:root:Result: Selector: High Level Ordering of Strategies -> Success
DEBUG:root:Finish turn

DEBUG:root:Executing:Selector: High Level Ordering of Strategies
DEBUG:root:Executing:Sequence: Gambit
DEBUG:root:Executing:Check: is_attacking
DEBUG:root:Result: Check: is_attacking -> Success
DEBUG:root:Executing:Action: attack_or_defend
DEBUG:root:Order:19 19 77
DEBUG:root:Result: Action: attack_or_defend -> Success
DEBUG:root:Result: Sequence: Gambit -> Success
DEBUG:root:Result: Selector: High Level Ordering of Strategies -> Success
DEBUG:root:Finish turn

DEBUG:root:Executing:Selector: High Level Ordering of Strategies
DEBUG:root:Executing:Sequence: Gambit
DEBUG:root:Executing:Check: is_attacking
DEBUG:root:Result: Check: is_attacking -> Success
DEBUG:root:Executing:Action: attack_or_defend
DEBUG:root:Order:19 19 77
DEBUG:root:Result: Action: attack_or_defend -> Success
DEBUG:root:Result: Sequence: Gambit -> Success
DEBUG:root:Result: Selector: High Level Ordering of Strategies -> Success
DEBUG:root:Finish turn

DEBUG:root:Executing:Selector: High Level Ordering of Strategies
DEBUG:root:Executing:Sequence: Gambit
DEBUG:root:Executing:Check: is_attacking
DEBUG:root:Result: Check: is_attacking -> Success
DEBUG:root:Executing:Action: attack_or_defend
DEBUG:root:Order:19 19 77
DEBUG:root:Result: Action: attack_or_defend -> Success
DEBUG:root:Result: Sequence: Gambit -> Success
DEBUG:root:Result: Selector: High Level Ordering of Strategies -> Success
DEBUG:root:Finish turn

DEBUG:root:Executing:Selector: High Level Ordering of Strategies
DEBUG:root:Executing:Sequence: Gambit
DEBUG:root:Executing:Check: is_attacking
DEBUG:root:Result: Check: is_attacking -> Success
DEBUG:root:Executing:Action: attack_or_defend
DEBUG:root:Order:19 19 77
DEBUG:root:Result: Action: attack_or_defend -> Success
DEBUG:root:Result: Sequence: Gambit -> Success
DEBUG:root:Result: Selector: High Level Ordering of Strategies -> Success
DEBUG:root:Finish turn

DEBUG:root:Executing:Selector: High Level Ordering of Strategies
DEBUG:root:Executing:Sequence: Gambit
DEBUG:root:Executing:Check: is_attacking
DEBUG:root:Result: Check: is_attacking -> Success
DEBUG:root:Executing:Action: attack_or_defend
DEBUG:root:Order:19 19 77
DEBUG:root:Result: Action: attack_or_defend -> Success
DEBUG:root:Result: Sequence: Gambit -> Success
DEBUG:root:Result: Selector: High Level Ordering of Strategies -> Success
DEBUG:root:Finish turn

DEBUG:root:Executing:Selector: High Level Ordering of Strategies
DEBUG:root:Executing:Sequence: Gambit
DEBUG:root:Executing:Check: is_attacking
DEBUG:root:Result: Check: is_attacking -> Success
DEBUG:root:Executing:Action: attack_or_defend
DEBUG:root:Order:19 19 77
DEBUG:root:Result: Action: attack_or_defend -> Success
DEBUG:root:Result: Sequence: Gambit -> Success
DEBUG:root:Result: Selector: High Level Ordering of Strategies -> Success
DEBUG:root:Finish turn

DEBUG:root:Executing:Selector: High Level Ordering of Strategies
DEBUG:root:Executing:Sequence: Gambit
DEBUG:root:Executing:Check: is_attacking
DEBUG:root:Result: Check: is_attacking -> Success
DEBUG:root:Executing:Action: attack_or_defend
DEBUG:root:Order:16 2 98.0
DEBUG:root:Result: Action: attack_or_defend -> Success
DEBUG:root:Result: Sequence: Gambit -> Success
DEBUG:root:Result: Selector: High Level Ordering of Strategies -> Success
DEBUG:root:Finish turn

DEBUG:root:Executing:Selector: High Level Ordering of Strategies
DEBUG:root:Executing:Sequence: Gambit
DEBUG:root:Executing:Check: is_attacking
DEBUG:root:Result: Check: is_attacking -> Success
DEBUG:root:Executing:Action: attack_or_defend
DEBUG:root:Order:19 19 77
DEBUG:root:Result: Action: attack_or_defend -> Success
DEBUG:root:Result: Sequence: Gambit -> Success
DEBUG:root:Result: Selector: High Level Ordering of Strategies -> Success
DEBUG:root:Finish turn

DEBUG:root:Executing:Selector: High Level Ordering of Strategies
DEBUG:root:Executing:Sequence: Gambit
DEBUG:root:Executing:Check: is_attacking
DEBUG:root:Result: Check: is_attacking -> Success
DEBUG:root:Executing:Action: attack_or_defend
DEBUG:root:Order:19 19 77
DEBUG:root:Result: Action: attack_or_defend -> Success
DEBUG:root:Result: Sequence: Gambit -> Success
DEBUG:root:Result: Selector: High Level Ordering of Strategies -> Success
DEBUG:root:Finish turn

DEBUG:root:Executing:Selector: High Level Ordering of Strategies
DEBUG:root:Executing:Sequence: Gambit
DEBUG:root:Executing:Check: is_attacking
DEBUG:root:Result: Check: is_attacking -> Success
DEBUG:root:Executing:Action: attack_or_defend
DEBUG:root:Order:11 2 103.0
DEBUG:root:Result: Action: attack_or_defend -> Success
DEBUG:root:Result: Sequence: Gambit -> Success
DEBUG:root:Result: Selector: High Level Ordering of Strategies -> Success
DEBUG:root:Finish turn

DEBUG:root:Executing:Selector: High Level Ordering of Strategies
DEBUG:root:Executing:Sequence: Gambit
DEBUG:root:Executing:Check: is_attacking
DEBUG:root:Result: Check: is_attacking -> Success
DEBUG:root:Executing:Action: attack_or_defend
DEBUG:root:Order:1 22 36
DEBUG:root:Result: Action: attack_or_defend -> Success
DEBUG:root:Result: Sequence: Gambit -> Success
DEBUG:root:Result: Selector: High Level Ordering of Strategies -> Success
DEBUG:root:Finish turn

DEBUG:root:Executing:Selector: High Level Ordering of Strategies
DEBUG:root:Executing:Sequence: Gambit
DEBUG:root:Executing:Check: is_attacking
DEBUG:root:Result: Check: is_attacking -> Success
DEBUG:root:Executing:Action: attack_or_defend
DEBUG:root:Order:0 5 18.0
DEBUG:root:Result: Action: attack_or_defend -> Success
DEBUG:root:Result: Sequence: Gambit -> Success
DEBUG:root:Result: Selector: High Level Ordering of Strategies -> Success
DEBUG:root:Finish turn

DEBUG:root:Executing:Selector: High Level Ordering of Strategies
DEBUG:root:Executing:Sequence: Gambit
DEBUG:root:Executing:Check: is_attacking
DEBUG:root:Result: Check: is_attacking -> Success
DEBUG:root:Executing:Action: attack_or_defend
DEBUG:root:Order:12 20 64.0
DEBUG:root:Result: Action: attack_or_defend -> Success
DEBUG:root:Result: Sequence: Gambit -> Success
DEBUG:root:Result: Selector: High Level Ordering of Strategies -> Success
DEBUG:root:Finish turn

DEBUG:root:Executing:Selector: High Level Ordering of Strategies
DEBUG:root:Executing:Sequence: Gambit
DEBUG:root:Executing:Check: is_attacking
DEBUG:root:Result: Check: is_attacking -> Success
DEBUG:root:Executing:Action: attack_or_defend
DEBUG:root:Order:0 5 20.0
DEBUG:root:Result: Action: attack_or_defend -> Success
DEBUG:root:Result: Sequence: Gambit -> Success
DEBUG:root:Result: Selector: High Level Ordering of Strategies -> Success
DEBUG:root:Finish turn

DEBUG:root:Executing:Selector: High Level Ordering of Strategies
DEBUG:root:Executing:Sequence: Gambit
DEBUG:root:Executing:Check: is_attacking
DEBUG:root:Result: Check: is_attacking -> Success
DEBUG:root:Executing:Action: attack_or_defend
DEBUG:root:Order:1 5 30.0
DEBUG:root:Result: Action: attack_or_defend -> Success
DEBUG:root:Result: Sequence: Gambit -> Success
DEBUG:root:Result: Selector: High Level Ordering of Strategies -> Success
DEBUG:root:Finish turn

DEBUG:root:Executing:Selector: High Level Ordering of Strategies
DEBUG:root:Executing:Sequence: Gambit
DEBUG:root:Executing:Check: is_attacking
DEBUG:root:Result: Check: is_attacking -> Failure
DEBUG:root:Result: Sequence: Gambit -> Failure
DEBUG:root:Executing:Sequence: Spread Strategy
DEBUG:root:Executing:Check: if_neutral_planet_available
DEBUG:root:Result: Check: if_neutral_planet_available -> Success
DEBUG:root:Executing:Action: spread_to_weakest_neutral_planet
DEBUG:root:Result: Action: spread_to_weakest_neutral_planet -> Failure
DEBUG:root:Result: Sequence: Spread Strategy -> Failure
DEBUG:root:Executing:Sequence: War
DEBUG:root:Executing:Check: have_largest_fleet
DEBUG:root:Result: Check: have_largest_fleet -> Success
DEBUG:root:Executing:Action: attack_weakest_enemy_planet
DEBUG:root:Result: Action: attack_weakest_enemy_planet -> Failure
DEBUG:root:Result: Sequence: War -> Failure
DEBUG:root:Result: Selector: High Level Ordering of Strategies -> Failure
DEBUG:root:Finish turn

DEBUG:root:Executing:Selector: High Level Ordering of Strategies
DEBUG:root:Executing:Sequence: Gambit
DEBUG:root:Executing:Check: is_attacking
DEBUG:root:Result: Check: is_attacking -> Failure
DEBUG:root:Result: Sequence: Gambit -> Failure
DEBUG:root:Executing:Sequence: Spread Strategy
DEBUG:root:Executing:Check: if_neutral_planet_available
DEBUG:root:Result: Check: if_neutral_planet_available -> Success
DEBUG:root:Executing:Action: spread_to_weakest_neutral_planet
DEBUG:root:Result: Action: spread_to_weakest_neutral_planet -> Failure
DEBUG:root:Result: Sequence: Spread Strategy -> Failure
DEBUG:root:Executing:Sequence: War
DEBUG:root:Executing:Check: have_largest_fleet
DEBUG:root:Result: Check: have_largest_fleet -> Success
DEBUG:root:Executing:Action: attack_weakest_enemy_planet
DEBUG:root:Result: Action: attack_weakest_enemy_planet -> Failure
DEBUG:root:Result: Sequence: War -> Failure
DEBUG:root:Result: Selector: High Level Ordering of Strategies -> Failure
DEBUG:root:Finish turn

DEBUG:root:Executing:Selector: High Level Ordering of Strategies
DEBUG:root:Executing:Sequence: Gambit
DEBUG:root:Executing:Check: is_attacking
DEBUG:root:Result: Check: is_attacking -> Success
DEBUG:root:Executing:Action: attack_or_defend
DEBUG:root:Order:15 22 29.0
DEBUG:root:Result: Action: attack_or_defend -> Success
DEBUG:root:Result: Sequence: Gambit -> Success
DEBUG:root:Result: Selector: High Level Ordering of Strategies -> Success
DEBUG:root:Finish turn

DEBUG:root:Executing:Selector: High Level Ordering of Strategies
DEBUG:root:Executing:Sequence: Gambit
DEBUG:root:Executing:Check: is_attacking
DEBUG:root:Result: Check: is_attacking -> Success
DEBUG:root:Executing:Action: attack_or_defend
DEBUG:root:Order:21 16 81
DEBUG:root:Result: Action: attack_or_defend -> Success
DEBUG:root:Result: Sequence: Gambit -> Success
DEBUG:root:Result: Selector: High Level Ordering of Strategies -> Success
DEBUG:root:Finish turn

DEBUG:root:Executing:Selector: High Level Ordering of Strategies
DEBUG:root:Executing:Sequence: Gambit
DEBUG:root:Executing:Check: is_attacking
DEBUG:root:Result: Check: is_attacking -> Success
DEBUG:root:Executing:Action: attack_or_defend
DEBUG:root:Order:9 20 62.0
DEBUG:root:Result: Action: attack_or_defend -> Success
DEBUG:root:Result: Sequence: Gambit -> Success
DEBUG:root:Result: Selector: High Level Ordering of Strategies -> Success
DEBUG:root:Finish turn

DEBUG:root:Executing:Selector: High Level Ordering of Strategies
DEBUG:root:Executing:Sequence: Gambit
DEBUG:root:Executing:Check: is_attacking
DEBUG:root:Result: Check: is_attacking -> Success
DEBUG:root:Executing:Action: attack_or_defend
DEBUG:root:Order:2 20 68.0
DEBUG:root:Result: Action: attack_or_defend -> Success
DEBUG:root:Result: Sequence: Gambit -> Success
DEBUG:root:Result: Selector: High Level Ordering of Strategies -> Success
DEBUG:root:Finish turn

DEBUG:root:Executing:Selector: High Level Ordering of Strategies
DEBUG:root:Executing:Sequence: Gambit
DEBUG:root:Executing:Check: is_attacking
DEBUG:root:Result: Check: is_attacking -> Success
DEBUG:root:Executing:Action: attack_or_defend
DEBUG:root:Order:2 20 69.0
DEBUG:root:Result: Action: attack_or_defend -> Success
DEBUG:root:Result: Sequence: Gambit -> Success
DEBUG:root:Result: Selector: High Level Ordering of Strategies -> Success
DEBUG:root:Finish turn

DEBUG:root:Executing:Selector: High Level Ordering of Strategies
DEBUG:root:Executing:Sequence: Gambit
DEBUG:root:Executing:Check: is_attacking
DEBUG:root:Result: Check: is_attacking -> Success
DEBUG:root:Executing:Action: attack_or_defend
DEBUG:root:Order:1 22 77.0
DEBUG:root:Result: Action: attack_or_defend -> Success
DEBUG:root:Result: Sequence: Gambit -> Success
DEBUG:root:Result: Selector: High Level Ordering of Strategies -> Success
DEBUG:root:Finish turn

DEBUG:root:Executing:Selector: High Level Ordering of Strategies
DEBUG:root:Executing:Sequence: Gambit
DEBUG:root:Executing:Check: is_attacking
DEBUG:root:Result: Check: is_attacking -> Success
DEBUG:root:Executing:Action: attack_or_defend
DEBUG:root:Order:0 22 56.0
DEBUG:root:Result: Action: attack_or_defend -> Success
DEBUG:root:Result: Sequence: Gambit -> Success
DEBUG:root:Result: Selector: High Level Ordering of Strategies -> Success
DEBUG:root:Finish turn

DEBUG:root:Executing:Selector: High Level Ordering of Strategies
DEBUG:root:Executing:Sequence: Gambit
DEBUG:root:Executing:Check: is_attacking
DEBUG:root:Result: Check: is_attacking -> Success
DEBUG:root:Executing:Action: attack_or_defend
DEBUG:root:Order:15 5 40.0
DEBUG:root:Result: Action: attack_or_defend -> Success
DEBUG:root:Result: Sequence: Gambit -> Success
DEBUG:root:Result: Selector: High Level Ordering of Strategies -> Success
DEBUG:root:Finish turn

DEBUG:root:Executing:Selector: High Level Ordering of Strategies
DEBUG:root:Executing:Sequence: Gambit
DEBUG:root:Executing:Check: is_attacking
DEBUG:root:Result: Check: is_attacking -> Success
DEBUG:root:Executing:Action: attack_or_defend
DEBUG:root:Order:16 16 81
DEBUG:root:Result: Action: attack_or_defend -> Success
DEBUG:root:Result: Sequence: Gambit -> Success
DEBUG:root:Result: Selector: High Level Ordering of Strategies -> Success
DEBUG:root:Finish turn

DEBUG:root:Executing:Selector: High Level Ordering of Strategies
DEBUG:root:Executing:Sequence: Gambit
DEBUG:root:Executing:Check: is_attacking
DEBUG:root:Result: Check: is_attacking -> Success
DEBUG:root:Executing:Action: attack_or_defend
DEBUG:root:Order:16 16 81
DEBUG:root:Result: Action: attack_or_defend -> Success
DEBUG:root:Result: Sequence: Gambit -> Success
DEBUG:root:Result: Selector: High Level Ordering of Strategies -> Success
DEBUG:root:Finish turn

DEBUG:root:Executing:Selector: High Level Ordering of Strategies
DEBUG:root:Executing:Sequence: Gambit
DEBUG:root:Executing:Check: is_attacking
DEBUG:root:Result: Check: is_attacking -> Success
DEBUG:root:Executing:Action: attack_or_defend
DEBUG:root:Order:16 16 81
DEBUG:root:Result: Action: attack_or_defend -> Success
DEBUG:root:Result: Sequence: Gambit -> Success
DEBUG:root:Result: Selector: High Level Ordering of Strategies -> Success
DEBUG:root:Finish turn

DEBUG:root:Executing:Selector: High Level Ordering of Strategies
DEBUG:root:Executing:Sequence: Gambit
DEBUG:root:Executing:Check: is_attacking
DEBUG:root:Result: Check: is_attacking -> Success
DEBUG:root:Executing:Action: attack_or_defend
DEBUG:root:Order:16 16 81
DEBUG:root:Result: Action: attack_or_defend -> Success
DEBUG:root:Result: Sequence: Gambit -> Success
DEBUG:root:Result: Selector: High Level Ordering of Strategies -> Success
DEBUG:root:Finish turn

DEBUG:root:Executing:Selector: High Level Ordering of Strategies
DEBUG:root:Executing:Sequence: Gambit
DEBUG:root:Executing:Check: is_attacking
DEBUG:root:Result: Check: is_attacking -> Success
DEBUG:root:Executing:Action: attack_or_defend
DEBUG:root:Order:20 20 10
DEBUG:root:Result: Action: attack_or_defend -> Success
DEBUG:root:Result: Sequence: Gambit -> Success
DEBUG:root:Result: Selector: High Level Ordering of Strategies -> Success
DEBUG:root:Finish turn

