DEBUG:root:Order:2 3 10.0
DEBUG:root:Finish turn

DEBUG:root:Order:2 4 10.0
DEBUG:root:Finish turn

DEBUG:root:Order:2 19 15.0
DEBUG:root:Finish turn

DEBUG:root:Order:2 20 15.0
DEBUG:root:Order:2 4 32
DEBUG:root:Finish turn

DEBUG:root:Order:2 15 20.0
DEBUG:root:Order:2 4 2
DEBUG:root:Finish turn

DEBUG:root:Order:2 16 20.0
DEBUG:root:Order:4 0 26.0
DEBUG:root:Bad order:2 1.0 16
DEBUG:root:Finish turn

DEBUG:root:Order:4 2 3
DEBUG:root:Finish turn

DEBUG:root:Bad order:19 1.0 11
DEBUG:root:Bad order:19 1.0 8
DEBUG:root:Finish turn

DEBUG:root:Bad order:19 2.0 12
DEBUG:root:Bad order:19 2.0 6
DEBUG:root:Finish turn

DEBUG:root:Bad order:19 3.0 12
DEBUG:root:Order:19 2 3
DEBUG:root:Finish turn

DEBUG:root:Bad order:19 1.0 11
DEBUG:root:Order:2 4 1
DEBUG:root:Finish turn

DEBUG:root:Bad order:19 2.0 7
DEBUG:root:Bad order:15 1.0 6
DEBUG:root:Finish turn

DEBUG:root:Bad order:15 4.0 7
DEBUG:root:Bad order:19 3.0 6
DEBUG:root:Order:2 4 3
DEBUG:root:Finish turn

DEBUG:root:Order:15 4 7
DEBUG:root:Order:19 4 4
DEBUG:root:Order:2 4 2
DEBUG:root:Finish turn

DEBUG:root:Order:2 9 40.0
DEBUG:root:Bad order:15 3.0 10
DEBUG:root:Order:4 2 8
DEBUG:root:Bad order:19 1.0 8
DEBUG:root:Finish turn

DEBUG:root:Bad order:15 6.0 10
DEBUG:root:Bad order:19 2.0 6
DEBUG:root:Finish turn

DEBUG:root:Bad order:15 9.0 11
DEBUG:root:Bad order:19 3.0 5
DEBUG:root:Finish turn

DEBUG:root:Order:15 2 11
DEBUG:root:Order:19 2 1
DEBUG:root:Order:19 4 1
DEBUG:root:Finish turn

DEBUG:root:Order:2 0 2
DEBUG:root:Order:2 4 1
DEBUG:root:Finish turn

DEBUG:root:Order:2 0 1
DEBUG:root:Order:2 19 1
DEBUG:root:Order:2 4 1
DEBUG:root:Order:15 4 1
DEBUG:root:Finish turn

DEBUG:root:Order:4 10 40.0
DEBUG:root:Order:2 4 9
DEBUG:root:Order:15 4 9
DEBUG:root:Bad order:0 3.0 6
DEBUG:root:Bad order:19 5.0 6
DEBUG:root:Finish turn

DEBUG:root:Order:0 4 4
DEBUG:root:Order:19 4 4
DEBUG:root:Order:2 4 2
DEBUG:root:Finish turn

DEBUG:root:Order:2 4 3
DEBUG:root:Order:2 0 3
DEBUG:root:Order:15 0 1
DEBUG:root:Finish turn

DEBUG:root:Order:0 19 2
DEBUG:root:Bad order:0 0.0 1
DEBUG:root:Finish turn

DEBUG:root:Order:2 5 46.0
DEBUG:root:Order:15 2 10
DEBUG:root:Bad order:0 1.0 7
DEBUG:root:Order:4 2 7
DEBUG:root:Bad order:19 6.0 7
DEBUG:root:Finish turn

DEBUG:root:Bad order:0 2.0 6
DEBUG:root:Order:19 2 6
DEBUG:root:Order:15 2 1
DEBUG:root:Finish turn

DEBUG:root:Order:0 2 3
DEBUG:root:Bad order:0 0.0 2
DEBUG:root:Bad order:0 0.0 2
DEBUG:root:Bad order:0 0.0 6
DEBUG:root:Order:15 9 2
DEBUG:root:Order:4 9 1
DEBUG:root:Finish turn

DEBUG:root:Bad order:0 1.0 2
DEBUG:root:Order:2 20 2
DEBUG:root:Order:9 20 1
DEBUG:root:Order:9 3 2
DEBUG:root:Order:9 19 2
DEBUG:root:Order:15 19 1
DEBUG:root:Finish turn

DEBUG:root:Order:4 6 46.0
DEBUG:root:Order:2 4 8
DEBUG:root:Bad order:0 2.0 6
DEBUG:root:Order:15 4 6
DEBUG:root:Bad order:19 4.0 6
DEBUG:root:Order:3 4 4
DEBUG:root:Order:20 4 3
DEBUG:root:Order:9 4 2
DEBUG:root:Finish turn

DEBUG:root:Bad order:0 3.0 4
DEBUG:root:Bad order:0 3.0 4
DEBUG:root:Order:0 20 1
DEBUG:root:Bad order:0 2.0 4
DEBUG:root:Order:19 3 4
DEBUG:root:Order:2 3 2
DEBUG:root:Finish turn

DEBUG:root:Order:2 16 3
DEBUG:root:Order:2 3 2
DEBUG:root:Order:2 5 1
DEBUG:root:Order:2 20 1
DEBUG:root:Order:2 9 3
DEBUG:root:Order:0 9 2
DEBUG:root:Order:15 9 1
DEBUG:root:Finish turn

DEBUG:root:Order:9 2 3
DEBUG:root:Order:9 19 1
DEBUG:root:Order:9 20 1
DEBUG:root:Bad order:9 1.0 5
DEBUG:root:Order:5 0 2
DEBUG:root:Order:15 0 1
DEBUG:root:Finish turn

DEBUG:root:Order:5 20 3
DEBUG:root:Order:2 20 2
DEBUG:root:Order:0 20 1
DEBUG:root:Order:15 20 1
DEBUG:root:Order:16 20 1
DEBUG:root:Finish turn

DEBUG:root:Order:2 20 4
DEBUG:root:Order:5 20 4
DEBUG:root:Order:15 20 2
DEBUG:root:Order:16 20 2
DEBUG:root:Order:16 19 1
DEBUG:root:Finish turn

DEBUG:root:Order:2 20 4
DEBUG:root:Order:5 20 4
DEBUG:root:Order:9 20 2
DEBUG:root:Order:15 20 2
DEBUG:root:Order:15 19 1
DEBUG:root:Finish turn

DEBUG:root:Order:2 0 1
DEBUG:root:Order:2 19 1
DEBUG:root:Order:2 20 1
DEBUG:root:Order:2 9 2
DEBUG:root:Order:5 9 2
DEBUG:root:Order:16 9 1
DEBUG:root:Finish turn

DEBUG:root:Order:9 20 5
DEBUG:root:Order:5 20 4
DEBUG:root:Order:16 20 2
DEBUG:root:Order:2 20 1
DEBUG:root:Order:15 20 1
DEBUG:root:Order:15 0 1
DEBUG:root:Finish turn

DEBUG:root:Order:2 19 2
DEBUG:root:Order:2 0 1
DEBUG:root:Order:2 9 2
DEBUG:root:Order:5 9 2
DEBUG:root:Finish turn

DEBUG:root:Order:5 16 8
DEBUG:root:Order:9 16 8
DEBUG:root:Order:2 16 5
DEBUG:root:Order:15 16 5
DEBUG:root:Order:0 16 3
DEBUG:root:Order:19 16 3
DEBUG:root:Finish turn

DEBUG:root:Order:2 16 8
DEBUG:root:Order:5 16 8
DEBUG:root:Order:15 16 6
DEBUG:root:Bad order:9 3.0 5
DEBUG:root:Order:0 16 4
DEBUG:root:Order:19 16 4
DEBUG:root:Finish turn

DEBUG:root:Bad order:9 5.0 11
DEBUG:root:Order:2 16 9
DEBUG:root:Order:5 16 9
DEBUG:root:Order:15 16 7
DEBUG:root:Order:0 16 5
DEBUG:root:Order:19 16 5
DEBUG:root:Finish turn

DEBUG:root:Bad order:9 12.0 14
DEBUG:root:Order:5 2 6
DEBUG:root:Order:15 2 4
DEBUG:root:Order:0 2 2
DEBUG:root:Order:19 2 2
DEBUG:root:Finish turn

DEBUG:root:Order:9 16 9
DEBUG:root:Order:9 0 2
DEBUG:root:Order:9 19 2
DEBUG:root:Bad order:9 3.0 12
DEBUG:root:Order:5 15 1
DEBUG:root:Finish turn

DEBUG:root:Order:5 0 8
DEBUG:root:Order:15 0 6
DEBUG:root:Order:16 0 2
DEBUG:root:Order:16 10 5
DEBUG:root:Order:9 10 4
DEBUG:root:Finish turn

DEBUG:root:Order:5 10 6
DEBUG:root:Order:19 10 5
DEBUG:root:Order:15 10 4
DEBUG:root:Order:9 10 3
DEBUG:root:Order:0 10 1
DEBUG:root:Finish turn

DEBUG:root:Order:5 0 6
DEBUG:root:Order:15 0 4
DEBUG:root:Order:9 0 3
DEBUG:root:Order:19 0 2
DEBUG:root:Finish turn

DEBUG:root:Order:5 0 6
DEBUG:root:Order:15 0 4
DEBUG:root:Order:9 0 3
DEBUG:root:Order:10 0 3
DEBUG:root:Order:19 0 2
DEBUG:root:Finish turn

DEBUG:root:Order:5 0 3
DEBUG:root:Order:5 19 1
DEBUG:root:Finish turn

DEBUG:root:Order:5 0 5
DEBUG:root:Order:15 0 5
DEBUG:root:Order:9 0 3
DEBUG:root:Order:10 0 3
DEBUG:root:Order:19 0 2
DEBUG:root:Finish turn

DEBUG:root:Order:5 0 7
DEBUG:root:Order:15 0 5
DEBUG:root:Order:9 0 4
DEBUG:root:Order:10 0 4
DEBUG:root:Order:19 0 3
DEBUG:root:Finish turn

DEBUG:root:Order:5 10 8
DEBUG:root:Order:15 10 6
DEBUG:root:Order:9 10 5
DEBUG:root:Order:19 10 4
DEBUG:root:Finish turn

DEBUG:root:Order:5 0 1
DEBUG:root:Order:5 10 1
DEBUG:root:Order:5 19 3
DEBUG:root:Order:15 19 1
DEBUG:root:Finish turn

DEBUG:root:Order:5 19 2
DEBUG:root:Order:15 19 2
DEBUG:root:Order:15 0 1
DEBUG:root:Finish turn

DEBUG:root:Order:5 0 1
DEBUG:root:Order:5 19 1
DEBUG:root:Order:5 10 2
DEBUG:root:Finish turn

DEBUG:root:Order:5 19 3
DEBUG:root:Order:9 19 2
DEBUG:root:Order:15 19 2
DEBUG:root:Finish turn

DEBUG:root:Order:15 5 10
DEBUG:root:Order:9 5 9
DEBUG:root:Order:19 5 2
DEBUG:root:Order:19 6 1
DEBUG:root:Finish turn

DEBUG:root:Order:5 9 1
DEBUG:root:Order:5 19 1
DEBUG:root:Finish turn

DEBUG:root:Bad order:20 1.0 6
DEBUG:root:Order:5 6 5
DEBUG:root:Order:15 6 4
DEBUG:root:Order:9 6 3
DEBUG:root:Order:19 6 2
DEBUG:root:Finish turn

DEBUG:root:Order:20 6 5
DEBUG:root:Order:15 6 1
DEBUG:root:Finish turn

DEBUG:root:Order:6 15 8
DEBUG:root:Order:9 15 7
DEBUG:root:Bad order:20 4.0 6
DEBUG:root:Finish turn

DEBUG:root:Order:6 20 6
DEBUG:root:Order:6 15 2
DEBUG:root:Finish turn

DEBUG:root:Bad order:0 2.0 17
DEBUG:root:Order:9 20 3
DEBUG:root:Finish turn

DEBUG:root:Bad order:16 1.0 28
DEBUG:root:Bad order:0 6.0 14
DEBUG:root:Finish turn

DEBUG:root:Bad order:16 20.0 32
DEBUG:root:Bad order:0 13.0 16
DEBUG:root:Order:15 20 3
DEBUG:root:Order:9 20 1
DEBUG:root:Finish turn

DEBUG:root:Order:16 20 39
DEBUG:root:Order:0 20 5
DEBUG:root:Bad order:0 16.0 21
DEBUG:root:Order:15 9 7
DEBUG:root:Finish turn

DEBUG:root:Order:0 20 15
DEBUG:root:Bad order:0 2.0 10
DEBUG:root:Finish turn

DEBUG:root:Order:16 9 7
DEBUG:root:Order:0 9 4
DEBUG:root:Finish turn

DEBUG:root:Order:16 0 1
DEBUG:root:Finish turn

DEBUG:root:Bad order:16 6.0 12
DEBUG:root:Order:9 20 11
DEBUG:root:Finish turn

DEBUG:root:Bad order:16 9.0 22
DEBUG:root:Order:0 9 1
DEBUG:root:Finish turn

DEBUG:root:Bad order:0 4.0 9
DEBUG:root:Order:16 9 2
DEBUG:root:Finish turn

DEBUG:root:Bad order:0 5.0 19
DEBUG:root:Order:16 9 12
DEBUG:root:Finish turn

DEBUG:root:Bad order:0 6.0 16
DEBUG:root:Bad order:0 6.0 11
DEBUG:root:Finish turn

DEBUG:root:Bad order:0 7.0 38
DEBUG:root:Order:9 16 1
DEBUG:root:Finish turn

DEBUG:root:Bad order:0 8.0 38
DEBUG:root:Finish turn

DEBUG:root:Finish turn

DEBUG:root:Finish turn

DEBUG:root:Finish turn

DEBUG:root:Finish turn

DEBUG:root:Finish turn

DEBUG:root:Finish turn

DEBUG:root:Finish turn

DEBUG:root:Finish turn

DEBUG:root:Finish turn

DEBUG:root:Finish turn

DEBUG:root:Finish turn

DEBUG:root:Finish turn

DEBUG:root:Finish turn

DEBUG:root:Finish turn

DEBUG:root:Finish turn

DEBUG:root:Finish turn

